

================================================================
== Vivado HLS Report for 'Block_dot_product_array_array_ap_fixed_1u_config2_exit_proc'
================================================================
* Date:           Tue Jul 18 15:03:08 2023

* Version:        2019.2 (Build 2704478 on Wed Nov 06 22:10:23 MST 2019)
* Project:        myproject_prj
* Solution:       solution1
* Product family: zynq
* Target device:  xc7z020-clg400-1


================================================================
== Performance Estimates
================================================================
+ Timing: 
    * Summary: 
    +--------+---------+----------+------------+
    |  Clock |  Target | Estimated| Uncertainty|
    +--------+---------+----------+------------+
    |ap_clk  | 5.00 ns |   0 ns   |   0.62 ns  |
    +--------+---------+----------+------------+

+ Latency: 
    * Summary: 
    +---------+---------+----------+----------+-----+-----+---------+
    |  Latency (cycles) |  Latency (absolute) |  Interval | Pipeline|
    |   min   |   max   |    min   |    max   | min | max |   Type  |
    +---------+---------+----------+----------+-----+-----+---------+
    |        1|        1| 5.000 ns | 5.000 ns |    1|    1|   none  |
    +---------+---------+----------+----------+-----+-----+---------+

    + Detail: 
        * Instance: 
        N/A

        * Loop: 
        N/A

============================================================
+ Verbose Summary: Synthesis Manager
============================================================
InlineROM: 1
ExposeGlobal: 0
============================================================
+ Verbose Summary: CDFG Model
============================================================
IsTopModel: 0
ResetActiveHigh: 1
IsCombinational: 2
IsDatapathOnly: 0
HasWiredReturn: 1
HasMFsm: 0
HasVarLatency: 1
IsPipeline: 0
IsRtlPipelined: 0
IsInstanceOverlapped: 0
IsDontTouch: 0
HasImplIP: 0
IsGatedGlobalClock: 0


============================================================
+ Verbose Summary: Schedule
============================================================
* Number of FSM states : 2
* Pipeline : 0
* Dataflow Pipeline: 0

* FSM state transitions: 
1 --> 2 
2 --> 

* FSM state operations: 

State 1 <SV = 0> <Delay = 0.00>
ST_1 : Operation 3 [1/1] (0.00ns)   --->   "%tmp_data_0_V = call i32 @_ssdm_op_Read.ap_auto.i32(i32 %p_read)"   --->   Operation 3 'read' 'tmp_data_0_V' <Predicate = true> <Delay = 0.00>
ST_1 : Operation 4 [2/2] (0.00ns)   --->   "call void @_ssdm_op_Write.axis.volatile.i32P(i32* %layer2_out_V_data_0_V, i32 %tmp_data_0_V)" [firmware/nnet_utils/nnet_dot_product_stream.h:27->firmware/myproject.cpp:31]   --->   Operation 4 'write' <Predicate = true> <Delay = 0.00> <Core = "AXI4Stream">   --->   Core 5 'AXI4Stream' <Latency = 0> <II = 1> <Delay = 1.00> <Adapter> <Opcode : >

State 2 <SV = 1> <Delay = 0.00>
ST_2 : Operation 5 [1/1] (0.00ns)   --->   "call void (...)* @_ssdm_op_SpecInterface(i32* %layer2_out_V_data_0_V, [5 x i8]* @p_str, i32 1, i32 1, [5 x i8]* @p_str3, i32 0, i32 0, [1 x i8]* @p_str4, [1 x i8]* @p_str4, [1 x i8]* @p_str4, i32 0, i32 0, i32 0, i32 0, [1 x i8]* @p_str4, [1 x i8]* @p_str4)"   --->   Operation 5 'specinterface' <Predicate = true> <Delay = 0.00>
ST_2 : Operation 6 [1/2] (0.00ns)   --->   "call void @_ssdm_op_Write.axis.volatile.i32P(i32* %layer2_out_V_data_0_V, i32 %tmp_data_0_V)" [firmware/nnet_utils/nnet_dot_product_stream.h:27->firmware/myproject.cpp:31]   --->   Operation 6 'write' <Predicate = true> <Delay = 0.00> <Core = "AXI4Stream">   --->   Core 5 'AXI4Stream' <Latency = 0> <II = 1> <Delay = 1.00> <Adapter> <Opcode : >
ST_2 : Operation 7 [1/1] (0.00ns)   --->   "ret void"   --->   Operation 7 'ret' <Predicate = true> <Delay = 0.00>


============================================================
+ Verbose Summary: Timing violations
============================================================
Target clock period: 5ns, clock uncertainty: 0.625ns.

 <State 1>: 0ns
The critical path consists of the following:

 <State 2>: 0ns
The critical path consists of the following:


============================================================
+ Verbose Summary: Binding
============================================================
N/A
* FSMD analyzer results:
  - Output states:
 - Input state : 
  - Chain level:
	State 1
	State 2


============================================================
+ Verbose Summary: Datapath Resource usage 
============================================================
N/A
