

================================================================
== Vivado HLS Report for 'myproject'
================================================================
* Date:           Tue Jul 18 15:03:08 2023

* Version:        2019.2 (Build 2704478 on Wed Nov 06 22:10:23 MST 2019)
* Project:        myproject_prj
* Solution:       solution1
* Product family: zynq
* Target device:  xc7z020-clg400-1


================================================================
== Performance Estimates
================================================================
+ Timing: 
    * Summary: 
    +--------+---------+----------+------------+
    |  Clock |  Target | Estimated| Uncertainty|
    +--------+---------+----------+------------+
    |ap_clk  | 5.00 ns | 3.950 ns |   0.62 ns  |
    +--------+---------+----------+------------+

+ Latency: 
    * Summary: 
    +---------+---------+----------+----------+-----+-----+----------+
    |  Latency (cycles) |  Latency (absolute) |  Interval | Pipeline |
    |   min   |   max   |    min   |    max   | min | max |   Type   |
    +---------+---------+----------+----------+-----+-----+----------+
    |      287|      287| 1.435 us | 1.435 us |  258|  258| dataflow |
    +---------+---------+----------+----------+-----+-----+----------+

    + Detail: 
        * Instance: 
        N/A

        * Loop: 
        N/A

============================================================
+ Verbose Summary: Synthesis Manager
============================================================
InlineROM: 1
ExposeGlobal: 0
============================================================
+ Verbose Summary: CDFG Model
============================================================
IsTopModel: 1
ResetActiveHigh: 1
IsCombinational: 2
IsDatapathOnly: 0
HasWiredReturn: 1
HasMFsm: 0
HasVarLatency: 1
IsPipeline: 0
IsRtlPipelined: 0
IsInstanceOverlapped: 0
IsDontTouch: 0
HasImplIP: 0
IsGatedGlobalClock: 0


============================================================
+ Verbose Summary: Schedule
============================================================
* Number of FSM states : 7
* Pipeline : 0
* Dataflow Pipeline: 1
  DF-Pipeline-0: Size = 7, States = { 1 2 3 4 5 6 7 }

* FSM state transitions: 
1 --> 2 
2 --> 3 
3 --> 4 
4 --> 5 
5 --> 6 
6 --> 7 
7 --> 

* FSM state operations: 

State 1 <SV = 0> <Delay = 0.00>
ST_1 : Operation 8 [1/1] (0.00ns)   --->   "%tmpdata1_data_V_channel = alloca i32, align 4"   --->   Operation 8 'alloca' 'tmpdata1_data_V_channel' <Predicate = true> <Delay = 0.00> <Core = "FIFO">   --->   Core 32 'FIFO' <Latency = 0> <II = 1> <Delay = 3.72> <Storage> <Opcode : 'read' 'write' 'nbread' 'nbwrite'> <Ports = 0> <Width = 32> <Depth = 32> <FIFO>

State 2 <SV = 1> <Delay = 0.00>
ST_2 : Operation 9 [2/2] (0.00ns)   --->   "call fastcc void @Block_.preheader.i.i.04_proc27(i32* %input_1_V_data_0_V, i32* %input_1_V_data_1_V, i32* %input_1_V_data_2_V, i32* %input_1_V_data_3_V, i32* %input_1_V_data_4_V, i32* %input_1_V_data_5_V, i32* %input_1_V_data_6_V, i32* %input_1_V_data_7_V, i32* %input_1_V_data_8_V, i32* %input_1_V_data_9_V, i32* %input_1_V_data_10_V, i32* %input_1_V_data_11_V, i32* %input_1_V_data_12_V, i32* %input_1_V_data_13_V, i32* %input_1_V_data_14_V, i32* %input_1_V_data_15_V, i32* %input_1_V_data_16_V, i32* %input_1_V_data_17_V, i32* %input_1_V_data_18_V, i32* %input_1_V_data_19_V, i32* %input_1_V_data_20_V, i32* %input_1_V_data_21_V, i32* %input_1_V_data_22_V, i32* %input_1_V_data_23_V, i32* %input_1_V_data_24_V, i32* %input_1_V_data_25_V, i32* %input_1_V_data_26_V, i32* %input_1_V_data_27_V, i32* %input_1_V_data_28_V, i32* %input_1_V_data_29_V, i32* %input_1_V_data_30_V, i32* %input_1_V_data_31_V, i32* %tmpdata1_data_V_channel)"   --->   Operation 9 'call' <Predicate = true> <Delay = 0.00> <CoreType = "Generic">   --->   Core 0 '' <Latency = 0> <II = 1> <Delay = 1.00> <Generic> <Opcode : >

State 3 <SV = 2> <Delay = 0.00>
ST_3 : Operation 10 [1/2] (0.00ns)   --->   "call fastcc void @Block_.preheader.i.i.04_proc27(i32* %input_1_V_data_0_V, i32* %input_1_V_data_1_V, i32* %input_1_V_data_2_V, i32* %input_1_V_data_3_V, i32* %input_1_V_data_4_V, i32* %input_1_V_data_5_V, i32* %input_1_V_data_6_V, i32* %input_1_V_data_7_V, i32* %input_1_V_data_8_V, i32* %input_1_V_data_9_V, i32* %input_1_V_data_10_V, i32* %input_1_V_data_11_V, i32* %input_1_V_data_12_V, i32* %input_1_V_data_13_V, i32* %input_1_V_data_14_V, i32* %input_1_V_data_15_V, i32* %input_1_V_data_16_V, i32* %input_1_V_data_17_V, i32* %input_1_V_data_18_V, i32* %input_1_V_data_19_V, i32* %input_1_V_data_20_V, i32* %input_1_V_data_21_V, i32* %input_1_V_data_22_V, i32* %input_1_V_data_23_V, i32* %input_1_V_data_24_V, i32* %input_1_V_data_25_V, i32* %input_1_V_data_26_V, i32* %input_1_V_data_27_V, i32* %input_1_V_data_28_V, i32* %input_1_V_data_29_V, i32* %input_1_V_data_30_V, i32* %input_1_V_data_31_V, i32* %tmpdata1_data_V_channel)"   --->   Operation 10 'call' <Predicate = true> <Delay = 0.00> <CoreType = "Generic">   --->   Core 0 '' <Latency = 0> <II = 1> <Delay = 1.00> <Generic> <Opcode : >

State 4 <SV = 3> <Delay = 0.00>
ST_4 : Operation 11 [2/2] (0.00ns)   --->   "%p_Val2_loc_channel = call fastcc i32 @Loop_1_proc(i32* %tmpdata1_data_V_channel)"   --->   Operation 11 'call' 'p_Val2_loc_channel' <Predicate = true> <Delay = 0.00> <Core = "FIFO">   --->   Core 32 'FIFO' <Latency = 0> <II = 1> <Delay = 3.72> <Storage> <Opcode : 'read' 'write' 'nbread' 'nbwrite'> <Ports = 0> <Width = 32> <Depth = 32> <FIFO>

State 5 <SV = 4> <Delay = 0.00>
ST_5 : Operation 12 [1/2] (0.00ns)   --->   "%p_Val2_loc_channel = call fastcc i32 @Loop_1_proc(i32* %tmpdata1_data_V_channel)"   --->   Operation 12 'call' 'p_Val2_loc_channel' <Predicate = true> <Delay = 0.00> <Core = "FIFO">   --->   Core 32 'FIFO' <Latency = 0> <II = 1> <Delay = 3.72> <Storage> <Opcode : 'read' 'write' 'nbread' 'nbwrite'> <Ports = 0> <Width = 32> <Depth = 32> <FIFO>
ST_5 : Operation 13 [2/2] (0.00ns)   --->   "call fastcc void @"Block_dot_product<array,array<ap_fixed,1u>,config2>.exit_proc"(i32 %p_Val2_loc_channel, i32* %layer2_out_V_data_0_V)"   --->   Operation 13 'call' <Predicate = true> <Delay = 0.00> <CoreType = "Generic">   --->   Core 0 '' <Latency = 0> <II = 1> <Delay = 1.00> <Generic> <Opcode : >

State 6 <SV = 5> <Delay = 0.00>
ST_6 : Operation 14 [1/2] (0.00ns)   --->   "call fastcc void @"Block_dot_product<array,array<ap_fixed,1u>,config2>.exit_proc"(i32 %p_Val2_loc_channel, i32* %layer2_out_V_data_0_V)"   --->   Operation 14 'call' <Predicate = true> <Delay = 0.00> <CoreType = "Generic">   --->   Core 0 '' <Latency = 0> <II = 1> <Delay = 1.00> <Generic> <Opcode : >

State 7 <SV = 6> <Delay = 0.00>
ST_7 : Operation 15 [1/1] (0.00ns)   --->   "call void (...)* @_ssdm_op_SpecDataflowPipeline(i32 -1, i32 0, [1 x i8]* @p_str4) nounwind" [firmware/myproject.cpp:13]   --->   Operation 15 'specdataflowpipeline' <Predicate = true> <Delay = 0.00>
ST_7 : Operation 16 [1/1] (0.00ns)   --->   "call void (...)* @_ssdm_op_SpecBitsMap(i32* %layer2_out_V_data_0_V), !map !84"   --->   Operation 16 'specbitsmap' <Predicate = true> <Delay = 0.00>
ST_7 : Operation 17 [1/1] (0.00ns)   --->   "call void (...)* @_ssdm_op_SpecBitsMap(i32* %input_1_V_data_31_V), !map !90"   --->   Operation 17 'specbitsmap' <Predicate = true> <Delay = 0.00>
ST_7 : Operation 18 [1/1] (0.00ns)   --->   "call void (...)* @_ssdm_op_SpecBitsMap(i32* %input_1_V_data_30_V), !map !96"   --->   Operation 18 'specbitsmap' <Predicate = true> <Delay = 0.00>
ST_7 : Operation 19 [1/1] (0.00ns)   --->   "call void (...)* @_ssdm_op_SpecBitsMap(i32* %input_1_V_data_29_V), !map !102"   --->   Operation 19 'specbitsmap' <Predicate = true> <Delay = 0.00>
ST_7 : Operation 20 [1/1] (0.00ns)   --->   "call void (...)* @_ssdm_op_SpecBitsMap(i32* %input_1_V_data_28_V), !map !108"   --->   Operation 20 'specbitsmap' <Predicate = true> <Delay = 0.00>
ST_7 : Operation 21 [1/1] (0.00ns)   --->   "call void (...)* @_ssdm_op_SpecBitsMap(i32* %input_1_V_data_27_V), !map !114"   --->   Operation 21 'specbitsmap' <Predicate = true> <Delay = 0.00>
ST_7 : Operation 22 [1/1] (0.00ns)   --->   "call void (...)* @_ssdm_op_SpecBitsMap(i32* %input_1_V_data_26_V), !map !120"   --->   Operation 22 'specbitsmap' <Predicate = true> <Delay = 0.00>
ST_7 : Operation 23 [1/1] (0.00ns)   --->   "call void (...)* @_ssdm_op_SpecBitsMap(i32* %input_1_V_data_25_V), !map !126"   --->   Operation 23 'specbitsmap' <Predicate = true> <Delay = 0.00>
ST_7 : Operation 24 [1/1] (0.00ns)   --->   "call void (...)* @_ssdm_op_SpecBitsMap(i32* %input_1_V_data_24_V), !map !132"   --->   Operation 24 'specbitsmap' <Predicate = true> <Delay = 0.00>
ST_7 : Operation 25 [1/1] (0.00ns)   --->   "call void (...)* @_ssdm_op_SpecBitsMap(i32* %input_1_V_data_23_V), !map !138"   --->   Operation 25 'specbitsmap' <Predicate = true> <Delay = 0.00>
ST_7 : Operation 26 [1/1] (0.00ns)   --->   "call void (...)* @_ssdm_op_SpecBitsMap(i32* %input_1_V_data_22_V), !map !144"   --->   Operation 26 'specbitsmap' <Predicate = true> <Delay = 0.00>
ST_7 : Operation 27 [1/1] (0.00ns)   --->   "call void (...)* @_ssdm_op_SpecBitsMap(i32* %input_1_V_data_21_V), !map !150"   --->   Operation 27 'specbitsmap' <Predicate = true> <Delay = 0.00>
ST_7 : Operation 28 [1/1] (0.00ns)   --->   "call void (...)* @_ssdm_op_SpecBitsMap(i32* %input_1_V_data_20_V), !map !156"   --->   Operation 28 'specbitsmap' <Predicate = true> <Delay = 0.00>
ST_7 : Operation 29 [1/1] (0.00ns)   --->   "call void (...)* @_ssdm_op_SpecBitsMap(i32* %input_1_V_data_19_V), !map !162"   --->   Operation 29 'specbitsmap' <Predicate = true> <Delay = 0.00>
ST_7 : Operation 30 [1/1] (0.00ns)   --->   "call void (...)* @_ssdm_op_SpecBitsMap(i32* %input_1_V_data_18_V), !map !168"   --->   Operation 30 'specbitsmap' <Predicate = true> <Delay = 0.00>
ST_7 : Operation 31 [1/1] (0.00ns)   --->   "call void (...)* @_ssdm_op_SpecBitsMap(i32* %input_1_V_data_17_V), !map !174"   --->   Operation 31 'specbitsmap' <Predicate = true> <Delay = 0.00>
ST_7 : Operation 32 [1/1] (0.00ns)   --->   "call void (...)* @_ssdm_op_SpecBitsMap(i32* %input_1_V_data_16_V), !map !180"   --->   Operation 32 'specbitsmap' <Predicate = true> <Delay = 0.00>
ST_7 : Operation 33 [1/1] (0.00ns)   --->   "call void (...)* @_ssdm_op_SpecBitsMap(i32* %input_1_V_data_15_V), !map !186"   --->   Operation 33 'specbitsmap' <Predicate = true> <Delay = 0.00>
ST_7 : Operation 34 [1/1] (0.00ns)   --->   "call void (...)* @_ssdm_op_SpecBitsMap(i32* %input_1_V_data_14_V), !map !192"   --->   Operation 34 'specbitsmap' <Predicate = true> <Delay = 0.00>
ST_7 : Operation 35 [1/1] (0.00ns)   --->   "call void (...)* @_ssdm_op_SpecBitsMap(i32* %input_1_V_data_13_V), !map !198"   --->   Operation 35 'specbitsmap' <Predicate = true> <Delay = 0.00>
ST_7 : Operation 36 [1/1] (0.00ns)   --->   "call void (...)* @_ssdm_op_SpecBitsMap(i32* %input_1_V_data_12_V), !map !204"   --->   Operation 36 'specbitsmap' <Predicate = true> <Delay = 0.00>
ST_7 : Operation 37 [1/1] (0.00ns)   --->   "call void (...)* @_ssdm_op_SpecBitsMap(i32* %input_1_V_data_11_V), !map !210"   --->   Operation 37 'specbitsmap' <Predicate = true> <Delay = 0.00>
ST_7 : Operation 38 [1/1] (0.00ns)   --->   "call void (...)* @_ssdm_op_SpecBitsMap(i32* %input_1_V_data_10_V), !map !216"   --->   Operation 38 'specbitsmap' <Predicate = true> <Delay = 0.00>
ST_7 : Operation 39 [1/1] (0.00ns)   --->   "call void (...)* @_ssdm_op_SpecBitsMap(i32* %input_1_V_data_9_V), !map !222"   --->   Operation 39 'specbitsmap' <Predicate = true> <Delay = 0.00>
ST_7 : Operation 40 [1/1] (0.00ns)   --->   "call void (...)* @_ssdm_op_SpecBitsMap(i32* %input_1_V_data_8_V), !map !228"   --->   Operation 40 'specbitsmap' <Predicate = true> <Delay = 0.00>
ST_7 : Operation 41 [1/1] (0.00ns)   --->   "call void (...)* @_ssdm_op_SpecBitsMap(i32* %input_1_V_data_7_V), !map !234"   --->   Operation 41 'specbitsmap' <Predicate = true> <Delay = 0.00>
ST_7 : Operation 42 [1/1] (0.00ns)   --->   "call void (...)* @_ssdm_op_SpecBitsMap(i32* %input_1_V_data_6_V), !map !240"   --->   Operation 42 'specbitsmap' <Predicate = true> <Delay = 0.00>
ST_7 : Operation 43 [1/1] (0.00ns)   --->   "call void (...)* @_ssdm_op_SpecBitsMap(i32* %input_1_V_data_5_V), !map !246"   --->   Operation 43 'specbitsmap' <Predicate = true> <Delay = 0.00>
ST_7 : Operation 44 [1/1] (0.00ns)   --->   "call void (...)* @_ssdm_op_SpecBitsMap(i32* %input_1_V_data_4_V), !map !252"   --->   Operation 44 'specbitsmap' <Predicate = true> <Delay = 0.00>
ST_7 : Operation 45 [1/1] (0.00ns)   --->   "call void (...)* @_ssdm_op_SpecBitsMap(i32* %input_1_V_data_3_V), !map !258"   --->   Operation 45 'specbitsmap' <Predicate = true> <Delay = 0.00>
ST_7 : Operation 46 [1/1] (0.00ns)   --->   "call void (...)* @_ssdm_op_SpecBitsMap(i32* %input_1_V_data_2_V), !map !264"   --->   Operation 46 'specbitsmap' <Predicate = true> <Delay = 0.00>
ST_7 : Operation 47 [1/1] (0.00ns)   --->   "call void (...)* @_ssdm_op_SpecBitsMap(i32* %input_1_V_data_1_V), !map !270"   --->   Operation 47 'specbitsmap' <Predicate = true> <Delay = 0.00>
ST_7 : Operation 48 [1/1] (0.00ns)   --->   "call void (...)* @_ssdm_op_SpecBitsMap(i32* %input_1_V_data_0_V), !map !276"   --->   Operation 48 'specbitsmap' <Predicate = true> <Delay = 0.00>
ST_7 : Operation 49 [1/1] (0.00ns)   --->   "%empty = call i32 (...)* @_ssdm_op_SpecChannel([24 x i8]* @tmpdata1_OC_data_OC_V_OC_channel_str, i32 1, [1 x i8]* @p_str50, [1 x i8]* @p_str50, i32 32, i32 32, i32* %tmpdata1_data_V_channel, i32* %tmpdata1_data_V_channel)"   --->   Operation 49 'specchannel' 'empty' <Predicate = true> <Delay = 0.00>
ST_7 : Operation 50 [1/1] (0.00ns)   --->   "call void (...)* @_ssdm_op_SpecInterface(i32* %tmpdata1_data_V_channel, [8 x i8]* @ap_fifo_str, i32 0, i32 0, [1 x i8]* @p_str51, i32 0, i32 0, [1 x i8]* @p_str52, [1 x i8]* @p_str53, [1 x i8]* @p_str54, i32 2, i32 2, i32 16, i32 16, [1 x i8]* @p_str55, [1 x i8]* @p_str56)"   --->   Operation 50 'specinterface' <Predicate = true> <Delay = 0.00>
ST_7 : Operation 51 [1/1] (0.00ns)   --->   "call void (...)* @_ssdm_op_SpecTopModule([10 x i8]* @myproject_str) nounwind"   --->   Operation 51 'spectopmodule' <Predicate = true> <Delay = 0.00>
ST_7 : Operation 52 [1/1] (0.00ns)   --->   "call void (...)* @_ssdm_op_SpecInterface(i32* %input_1_V_data_0_V, [5 x i8]* @p_str, i32 1, i32 1, [5 x i8]* @p_str3, i32 0, i32 0, [1 x i8]* @p_str4, [1 x i8]* @p_str4, [1 x i8]* @p_str4, i32 0, i32 0, i32 0, i32 0, [1 x i8]* @p_str4, [1 x i8]* @p_str4)"   --->   Operation 52 'specinterface' <Predicate = true> <Delay = 0.00>
ST_7 : Operation 53 [1/1] (0.00ns)   --->   "call void (...)* @_ssdm_op_SpecInterface(i32* %input_1_V_data_1_V, [5 x i8]* @p_str, i32 1, i32 1, [5 x i8]* @p_str3, i32 0, i32 0, [1 x i8]* @p_str4, [1 x i8]* @p_str4, [1 x i8]* @p_str4, i32 0, i32 0, i32 0, i32 0, [1 x i8]* @p_str4, [1 x i8]* @p_str4)"   --->   Operation 53 'specinterface' <Predicate = true> <Delay = 0.00>
ST_7 : Operation 54 [1/1] (0.00ns)   --->   "call void (...)* @_ssdm_op_SpecInterface(i32* %input_1_V_data_2_V, [5 x i8]* @p_str, i32 1, i32 1, [5 x i8]* @p_str3, i32 0, i32 0, [1 x i8]* @p_str4, [1 x i8]* @p_str4, [1 x i8]* @p_str4, i32 0, i32 0, i32 0, i32 0, [1 x i8]* @p_str4, [1 x i8]* @p_str4)"   --->   Operation 54 'specinterface' <Predicate = true> <Delay = 0.00>
ST_7 : Operation 55 [1/1] (0.00ns)   --->   "call void (...)* @_ssdm_op_SpecInterface(i32* %input_1_V_data_3_V, [5 x i8]* @p_str, i32 1, i32 1, [5 x i8]* @p_str3, i32 0, i32 0, [1 x i8]* @p_str4, [1 x i8]* @p_str4, [1 x i8]* @p_str4, i32 0, i32 0, i32 0, i32 0, [1 x i8]* @p_str4, [1 x i8]* @p_str4)"   --->   Operation 55 'specinterface' <Predicate = true> <Delay = 0.00>
ST_7 : Operation 56 [1/1] (0.00ns)   --->   "call void (...)* @_ssdm_op_SpecInterface(i32* %input_1_V_data_4_V, [5 x i8]* @p_str, i32 1, i32 1, [5 x i8]* @p_str3, i32 0, i32 0, [1 x i8]* @p_str4, [1 x i8]* @p_str4, [1 x i8]* @p_str4, i32 0, i32 0, i32 0, i32 0, [1 x i8]* @p_str4, [1 x i8]* @p_str4)"   --->   Operation 56 'specinterface' <Predicate = true> <Delay = 0.00>
ST_7 : Operation 57 [1/1] (0.00ns)   --->   "call void (...)* @_ssdm_op_SpecInterface(i32* %input_1_V_data_5_V, [5 x i8]* @p_str, i32 1, i32 1, [5 x i8]* @p_str3, i32 0, i32 0, [1 x i8]* @p_str4, [1 x i8]* @p_str4, [1 x i8]* @p_str4, i32 0, i32 0, i32 0, i32 0, [1 x i8]* @p_str4, [1 x i8]* @p_str4)"   --->   Operation 57 'specinterface' <Predicate = true> <Delay = 0.00>
ST_7 : Operation 58 [1/1] (0.00ns)   --->   "call void (...)* @_ssdm_op_SpecInterface(i32* %input_1_V_data_6_V, [5 x i8]* @p_str, i32 1, i32 1, [5 x i8]* @p_str3, i32 0, i32 0, [1 x i8]* @p_str4, [1 x i8]* @p_str4, [1 x i8]* @p_str4, i32 0, i32 0, i32 0, i32 0, [1 x i8]* @p_str4, [1 x i8]* @p_str4)"   --->   Operation 58 'specinterface' <Predicate = true> <Delay = 0.00>
ST_7 : Operation 59 [1/1] (0.00ns)   --->   "call void (...)* @_ssdm_op_SpecInterface(i32* %input_1_V_data_7_V, [5 x i8]* @p_str, i32 1, i32 1, [5 x i8]* @p_str3, i32 0, i32 0, [1 x i8]* @p_str4, [1 x i8]* @p_str4, [1 x i8]* @p_str4, i32 0, i32 0, i32 0, i32 0, [1 x i8]* @p_str4, [1 x i8]* @p_str4)"   --->   Operation 59 'specinterface' <Predicate = true> <Delay = 0.00>
ST_7 : Operation 60 [1/1] (0.00ns)   --->   "call void (...)* @_ssdm_op_SpecInterface(i32* %input_1_V_data_8_V, [5 x i8]* @p_str, i32 1, i32 1, [5 x i8]* @p_str3, i32 0, i32 0, [1 x i8]* @p_str4, [1 x i8]* @p_str4, [1 x i8]* @p_str4, i32 0, i32 0, i32 0, i32 0, [1 x i8]* @p_str4, [1 x i8]* @p_str4)"   --->   Operation 60 'specinterface' <Predicate = true> <Delay = 0.00>
ST_7 : Operation 61 [1/1] (0.00ns)   --->   "call void (...)* @_ssdm_op_SpecInterface(i32* %input_1_V_data_9_V, [5 x i8]* @p_str, i32 1, i32 1, [5 x i8]* @p_str3, i32 0, i32 0, [1 x i8]* @p_str4, [1 x i8]* @p_str4, [1 x i8]* @p_str4, i32 0, i32 0, i32 0, i32 0, [1 x i8]* @p_str4, [1 x i8]* @p_str4)"   --->   Operation 61 'specinterface' <Predicate = true> <Delay = 0.00>
ST_7 : Operation 62 [1/1] (0.00ns)   --->   "call void (...)* @_ssdm_op_SpecInterface(i32* %input_1_V_data_10_V, [5 x i8]* @p_str, i32 1, i32 1, [5 x i8]* @p_str3, i32 0, i32 0, [1 x i8]* @p_str4, [1 x i8]* @p_str4, [1 x i8]* @p_str4, i32 0, i32 0, i32 0, i32 0, [1 x i8]* @p_str4, [1 x i8]* @p_str4)"   --->   Operation 62 'specinterface' <Predicate = true> <Delay = 0.00>
ST_7 : Operation 63 [1/1] (0.00ns)   --->   "call void (...)* @_ssdm_op_SpecInterface(i32* %input_1_V_data_11_V, [5 x i8]* @p_str, i32 1, i32 1, [5 x i8]* @p_str3, i32 0, i32 0, [1 x i8]* @p_str4, [1 x i8]* @p_str4, [1 x i8]* @p_str4, i32 0, i32 0, i32 0, i32 0, [1 x i8]* @p_str4, [1 x i8]* @p_str4)"   --->   Operation 63 'specinterface' <Predicate = true> <Delay = 0.00>
ST_7 : Operation 64 [1/1] (0.00ns)   --->   "call void (...)* @_ssdm_op_SpecInterface(i32* %input_1_V_data_12_V, [5 x i8]* @p_str, i32 1, i32 1, [5 x i8]* @p_str3, i32 0, i32 0, [1 x i8]* @p_str4, [1 x i8]* @p_str4, [1 x i8]* @p_str4, i32 0, i32 0, i32 0, i32 0, [1 x i8]* @p_str4, [1 x i8]* @p_str4)"   --->   Operation 64 'specinterface' <Predicate = true> <Delay = 0.00>
ST_7 : Operation 65 [1/1] (0.00ns)   --->   "call void (...)* @_ssdm_op_SpecInterface(i32* %input_1_V_data_13_V, [5 x i8]* @p_str, i32 1, i32 1, [5 x i8]* @p_str3, i32 0, i32 0, [1 x i8]* @p_str4, [1 x i8]* @p_str4, [1 x i8]* @p_str4, i32 0, i32 0, i32 0, i32 0, [1 x i8]* @p_str4, [1 x i8]* @p_str4)"   --->   Operation 65 'specinterface' <Predicate = true> <Delay = 0.00>
ST_7 : Operation 66 [1/1] (0.00ns)   --->   "call void (...)* @_ssdm_op_SpecInterface(i32* %input_1_V_data_14_V, [5 x i8]* @p_str, i32 1, i32 1, [5 x i8]* @p_str3, i32 0, i32 0, [1 x i8]* @p_str4, [1 x i8]* @p_str4, [1 x i8]* @p_str4, i32 0, i32 0, i32 0, i32 0, [1 x i8]* @p_str4, [1 x i8]* @p_str4)"   --->   Operation 66 'specinterface' <Predicate = true> <Delay = 0.00>
ST_7 : Operation 67 [1/1] (0.00ns)   --->   "call void (...)* @_ssdm_op_SpecInterface(i32* %input_1_V_data_15_V, [5 x i8]* @p_str, i32 1, i32 1, [5 x i8]* @p_str3, i32 0, i32 0, [1 x i8]* @p_str4, [1 x i8]* @p_str4, [1 x i8]* @p_str4, i32 0, i32 0, i32 0, i32 0, [1 x i8]* @p_str4, [1 x i8]* @p_str4)"   --->   Operation 67 'specinterface' <Predicate = true> <Delay = 0.00>
ST_7 : Operation 68 [1/1] (0.00ns)   --->   "call void (...)* @_ssdm_op_SpecInterface(i32* %input_1_V_data_16_V, [5 x i8]* @p_str, i32 1, i32 1, [5 x i8]* @p_str3, i32 0, i32 0, [1 x i8]* @p_str4, [1 x i8]* @p_str4, [1 x i8]* @p_str4, i32 0, i32 0, i32 0, i32 0, [1 x i8]* @p_str4, [1 x i8]* @p_str4)"   --->   Operation 68 'specinterface' <Predicate = true> <Delay = 0.00>
ST_7 : Operation 69 [1/1] (0.00ns)   --->   "call void (...)* @_ssdm_op_SpecInterface(i32* %input_1_V_data_17_V, [5 x i8]* @p_str, i32 1, i32 1, [5 x i8]* @p_str3, i32 0, i32 0, [1 x i8]* @p_str4, [1 x i8]* @p_str4, [1 x i8]* @p_str4, i32 0, i32 0, i32 0, i32 0, [1 x i8]* @p_str4, [1 x i8]* @p_str4)"   --->   Operation 69 'specinterface' <Predicate = true> <Delay = 0.00>
ST_7 : Operation 70 [1/1] (0.00ns)   --->   "call void (...)* @_ssdm_op_SpecInterface(i32* %input_1_V_data_18_V, [5 x i8]* @p_str, i32 1, i32 1, [5 x i8]* @p_str3, i32 0, i32 0, [1 x i8]* @p_str4, [1 x i8]* @p_str4, [1 x i8]* @p_str4, i32 0, i32 0, i32 0, i32 0, [1 x i8]* @p_str4, [1 x i8]* @p_str4)"   --->   Operation 70 'specinterface' <Predicate = true> <Delay = 0.00>
ST_7 : Operation 71 [1/1] (0.00ns)   --->   "call void (...)* @_ssdm_op_SpecInterface(i32* %input_1_V_data_19_V, [5 x i8]* @p_str, i32 1, i32 1, [5 x i8]* @p_str3, i32 0, i32 0, [1 x i8]* @p_str4, [1 x i8]* @p_str4, [1 x i8]* @p_str4, i32 0, i32 0, i32 0, i32 0, [1 x i8]* @p_str4, [1 x i8]* @p_str4)"   --->   Operation 71 'specinterface' <Predicate = true> <Delay = 0.00>
ST_7 : Operation 72 [1/1] (0.00ns)   --->   "call void (...)* @_ssdm_op_SpecInterface(i32* %input_1_V_data_20_V, [5 x i8]* @p_str, i32 1, i32 1, [5 x i8]* @p_str3, i32 0, i32 0, [1 x i8]* @p_str4, [1 x i8]* @p_str4, [1 x i8]* @p_str4, i32 0, i32 0, i32 0, i32 0, [1 x i8]* @p_str4, [1 x i8]* @p_str4)"   --->   Operation 72 'specinterface' <Predicate = true> <Delay = 0.00>
ST_7 : Operation 73 [1/1] (0.00ns)   --->   "call void (...)* @_ssdm_op_SpecInterface(i32* %input_1_V_data_21_V, [5 x i8]* @p_str, i32 1, i32 1, [5 x i8]* @p_str3, i32 0, i32 0, [1 x i8]* @p_str4, [1 x i8]* @p_str4, [1 x i8]* @p_str4, i32 0, i32 0, i32 0, i32 0, [1 x i8]* @p_str4, [1 x i8]* @p_str4)"   --->   Operation 73 'specinterface' <Predicate = true> <Delay = 0.00>
ST_7 : Operation 74 [1/1] (0.00ns)   --->   "call void (...)* @_ssdm_op_SpecInterface(i32* %input_1_V_data_22_V, [5 x i8]* @p_str, i32 1, i32 1, [5 x i8]* @p_str3, i32 0, i32 0, [1 x i8]* @p_str4, [1 x i8]* @p_str4, [1 x i8]* @p_str4, i32 0, i32 0, i32 0, i32 0, [1 x i8]* @p_str4, [1 x i8]* @p_str4)"   --->   Operation 74 'specinterface' <Predicate = true> <Delay = 0.00>
ST_7 : Operation 75 [1/1] (0.00ns)   --->   "call void (...)* @_ssdm_op_SpecInterface(i32* %input_1_V_data_23_V, [5 x i8]* @p_str, i32 1, i32 1, [5 x i8]* @p_str3, i32 0, i32 0, [1 x i8]* @p_str4, [1 x i8]* @p_str4, [1 x i8]* @p_str4, i32 0, i32 0, i32 0, i32 0, [1 x i8]* @p_str4, [1 x i8]* @p_str4)"   --->   Operation 75 'specinterface' <Predicate = true> <Delay = 0.00>
ST_7 : Operation 76 [1/1] (0.00ns)   --->   "call void (...)* @_ssdm_op_SpecInterface(i32* %input_1_V_data_24_V, [5 x i8]* @p_str, i32 1, i32 1, [5 x i8]* @p_str3, i32 0, i32 0, [1 x i8]* @p_str4, [1 x i8]* @p_str4, [1 x i8]* @p_str4, i32 0, i32 0, i32 0, i32 0, [1 x i8]* @p_str4, [1 x i8]* @p_str4)"   --->   Operation 76 'specinterface' <Predicate = true> <Delay = 0.00>
ST_7 : Operation 77 [1/1] (0.00ns)   --->   "call void (...)* @_ssdm_op_SpecInterface(i32* %input_1_V_data_25_V, [5 x i8]* @p_str, i32 1, i32 1, [5 x i8]* @p_str3, i32 0, i32 0, [1 x i8]* @p_str4, [1 x i8]* @p_str4, [1 x i8]* @p_str4, i32 0, i32 0, i32 0, i32 0, [1 x i8]* @p_str4, [1 x i8]* @p_str4)"   --->   Operation 77 'specinterface' <Predicate = true> <Delay = 0.00>
ST_7 : Operation 78 [1/1] (0.00ns)   --->   "call void (...)* @_ssdm_op_SpecInterface(i32* %input_1_V_data_26_V, [5 x i8]* @p_str, i32 1, i32 1, [5 x i8]* @p_str3, i32 0, i32 0, [1 x i8]* @p_str4, [1 x i8]* @p_str4, [1 x i8]* @p_str4, i32 0, i32 0, i32 0, i32 0, [1 x i8]* @p_str4, [1 x i8]* @p_str4)"   --->   Operation 78 'specinterface' <Predicate = true> <Delay = 0.00>
ST_7 : Operation 79 [1/1] (0.00ns)   --->   "call void (...)* @_ssdm_op_SpecInterface(i32* %input_1_V_data_27_V, [5 x i8]* @p_str, i32 1, i32 1, [5 x i8]* @p_str3, i32 0, i32 0, [1 x i8]* @p_str4, [1 x i8]* @p_str4, [1 x i8]* @p_str4, i32 0, i32 0, i32 0, i32 0, [1 x i8]* @p_str4, [1 x i8]* @p_str4)"   --->   Operation 79 'specinterface' <Predicate = true> <Delay = 0.00>
ST_7 : Operation 80 [1/1] (0.00ns)   --->   "call void (...)* @_ssdm_op_SpecInterface(i32* %input_1_V_data_28_V, [5 x i8]* @p_str, i32 1, i32 1, [5 x i8]* @p_str3, i32 0, i32 0, [1 x i8]* @p_str4, [1 x i8]* @p_str4, [1 x i8]* @p_str4, i32 0, i32 0, i32 0, i32 0, [1 x i8]* @p_str4, [1 x i8]* @p_str4)"   --->   Operation 80 'specinterface' <Predicate = true> <Delay = 0.00>
ST_7 : Operation 81 [1/1] (0.00ns)   --->   "call void (...)* @_ssdm_op_SpecInterface(i32* %input_1_V_data_29_V, [5 x i8]* @p_str, i32 1, i32 1, [5 x i8]* @p_str3, i32 0, i32 0, [1 x i8]* @p_str4, [1 x i8]* @p_str4, [1 x i8]* @p_str4, i32 0, i32 0, i32 0, i32 0, [1 x i8]* @p_str4, [1 x i8]* @p_str4)"   --->   Operation 81 'specinterface' <Predicate = true> <Delay = 0.00>
ST_7 : Operation 82 [1/1] (0.00ns)   --->   "call void (...)* @_ssdm_op_SpecInterface(i32* %input_1_V_data_30_V, [5 x i8]* @p_str, i32 1, i32 1, [5 x i8]* @p_str3, i32 0, i32 0, [1 x i8]* @p_str4, [1 x i8]* @p_str4, [1 x i8]* @p_str4, i32 0, i32 0, i32 0, i32 0, [1 x i8]* @p_str4, [1 x i8]* @p_str4)"   --->   Operation 82 'specinterface' <Predicate = true> <Delay = 0.00>
ST_7 : Operation 83 [1/1] (0.00ns)   --->   "call void (...)* @_ssdm_op_SpecInterface(i32* %input_1_V_data_31_V, [5 x i8]* @p_str, i32 1, i32 1, [5 x i8]* @p_str3, i32 0, i32 0, [1 x i8]* @p_str4, [1 x i8]* @p_str4, [1 x i8]* @p_str4, i32 0, i32 0, i32 0, i32 0, [1 x i8]* @p_str4, [1 x i8]* @p_str4)"   --->   Operation 83 'specinterface' <Predicate = true> <Delay = 0.00>
ST_7 : Operation 84 [1/1] (0.00ns)   --->   "call void (...)* @_ssdm_op_SpecInterface(i32* %layer2_out_V_data_0_V, [5 x i8]* @p_str, i32 1, i32 1, [5 x i8]* @p_str3, i32 0, i32 0, [1 x i8]* @p_str4, [1 x i8]* @p_str4, [1 x i8]* @p_str4, i32 0, i32 0, i32 0, i32 0, [1 x i8]* @p_str4, [1 x i8]* @p_str4)"   --->   Operation 84 'specinterface' <Predicate = true> <Delay = 0.00>
ST_7 : Operation 85 [1/1] (0.00ns)   --->   "%empty_6 = call i32 (...)* @_ssdm_op_SpecChannel([16 x i8]* @tmpdata1_OC_data_OC_V_str, i32 1, [1 x i8]* @p_str28, [1 x i8]* @p_str28, i32 32, i32 32, i32* %tmpdata1_data_V_channel, i32* %tmpdata1_data_V_channel)"   --->   Operation 85 'specchannel' 'empty_6' <Predicate = true> <Delay = 0.00>
ST_7 : Operation 86 [1/1] (0.00ns)   --->   "call void (...)* @_ssdm_op_SpecInterface(i32* %tmpdata1_data_V_channel, [8 x i8]* @ap_fifo_str, i32 0, i32 0, [1 x i8]* @p_str29, i32 0, i32 0, [1 x i8]* @p_str30, [1 x i8]* @p_str31, [1 x i8]* @p_str32, i32 2, i32 2, i32 16, i32 16, [1 x i8]* @p_str33, [1 x i8]* @p_str34)"   --->   Operation 86 'specinterface' <Predicate = true> <Delay = 0.00>
ST_7 : Operation 87 [1/1] (0.00ns)   --->   "ret void" [firmware/myproject.cpp:33]   --->   Operation 87 'ret' <Predicate = true> <Delay = 0.00>


============================================================
+ Verbose Summary: Timing violations
============================================================
Target clock period: 5ns, clock uncertainty: 0.625ns.

 <State 1>: 0ns
The critical path consists of the following:

 <State 2>: 0ns
The critical path consists of the following:

 <State 3>: 0ns
The critical path consists of the following:

 <State 4>: 0ns
The critical path consists of the following:

 <State 5>: 0ns
The critical path consists of the following:

 <State 6>: 0ns
The critical path consists of the following:

 <State 7>: 0ns
The critical path consists of the following:


============================================================
+ Verbose Summary: Binding
============================================================
N/A
* FSMD analyzer results:
  - Output states:
 - Input state : 
  - Chain level:
	State 1
	State 2
	State 3
	State 4
	State 5
	State 6
	State 7


============================================================
+ Verbose Summary: Datapath Resource usage 
============================================================
N/A
