

================================================================
== Vivado HLS Report for 'Block_myproject_axi_exit1109_proc'
================================================================
* Date:           Tue Jul 18 15:59:07 2023

* Version:        2019.2 (Build 2704478 on Wed Nov 06 22:10:23 MST 2019)
* Project:        myproject_prj
* Solution:       solution1
* Product family: zynq
* Target device:  xc7z020-clg400-1


================================================================
== Performance Estimates
================================================================
+ Timing: 
    * Summary: 
    +--------+---------+----------+------------+
    |  Clock |  Target | Estimated| Uncertainty|
    +--------+---------+----------+------------+
    |ap_clk  | 5.00 ns | 4.367 ns |   0.62 ns  |
    +--------+---------+----------+------------+

+ Latency: 
    * Summary: 
    +---------+---------+-----------+-----------+-----+-----+---------+
    |  Latency (cycles) |   Latency (absolute)  |  Interval | Pipeline|
    |   min   |   max   |    min    |    max    | min | max |   Type  |
    +---------+---------+-----------+-----------+-----+-----+---------+
    |       10|       10| 50.000 ns | 50.000 ns |   10|   10|   none  |
    +---------+---------+-----------+-----------+-----+-----+---------+

    + Detail: 
        * Instance: 
        N/A

        * Loop: 
        N/A

============================================================
+ Verbose Summary: Synthesis Manager
============================================================
InlineROM: 1
ExposeGlobal: 0
============================================================
+ Verbose Summary: CDFG Model
============================================================
IsTopModel: 0
ResetActiveHigh: 1
IsCombinational: 2
IsDatapathOnly: 0
HasWiredReturn: 1
HasMFsm: 0
HasVarLatency: 1
IsPipeline: 0
IsRtlPipelined: 0
IsInstanceOverlapped: 0
IsDontTouch: 0
HasImplIP: 0
IsGatedGlobalClock: 0


============================================================
+ Verbose Summary: Schedule
============================================================
* Number of FSM states : 11
* Pipeline : 0
* Dataflow Pipeline: 0

* FSM state transitions: 
1 --> 2 
2 --> 3 
3 --> 4 
4 --> 5 
5 --> 6 
6 --> 7 
7 --> 8 
8 --> 9 
9 --> 10 
10 --> 11 
11 --> 

* FSM state operations: 

State 1 <SV = 0> <Delay = 2.18>
ST_1 : Operation 12 [1/1] (2.18ns)   --->   "%is_last_1_i_0_loc_read = call i1 @_ssdm_op_Read.ap_fifo.i1P(i1* %is_last_1_i_0_loc)"   --->   Operation 12 'read' 'is_last_1_i_0_loc_read' <Predicate = true> <Delay = 2.18> <Core = "FIFO">   --->   Core 32 'FIFO' <Latency = 0> <II = 1> <Delay = 3.63> <Storage> <Opcode : 'read' 'write' 'nbread' 'nbwrite'> <Ports = 0> <Width = 32> <Depth = 3> <FIFO>
ST_1 : Operation 13 [1/1] (2.18ns)   --->   "%tmp_data_0_V = call i32 @_ssdm_op_Read.ap_fifo.volatile.i32P(i32* %out_local_V_data_0_V)" [firmware/myproject_axi.cpp:30]   --->   Operation 13 'read' 'tmp_data_0_V' <Predicate = true> <Delay = 2.18> <Core = "FIFO">   --->   Core 32 'FIFO' <Latency = 0> <II = 1> <Delay = 3.63> <Storage> <Opcode : 'read' 'write' 'nbread' 'nbwrite'> <Ports = 0> <Width = 32> <Depth = 3> <FIFO>
ST_1 : Operation 14 [1/1] (0.00ns)   --->   "%p_Result_3 = call i1 @_ssdm_op_BitSelect.i1.i32.i32(i32 %tmp_data_0_V, i32 31)" [firmware/myproject_axi.cpp:33]   --->   Operation 14 'bitselect' 'p_Result_3' <Predicate = true> <Delay = 0.00>

State 2 <SV = 1> <Delay = 2.55>
ST_2 : Operation 15 [1/1] (2.55ns)   --->   "%tmp_V = sub nsw i32 0, %tmp_data_0_V" [firmware/myproject_axi.cpp:33]   --->   Operation 15 'sub' 'tmp_V' <Predicate = (p_Result_3)> <Delay = 2.55> <Core = "AddSub">   --->   Core 14 'AddSub' <Latency = 0> <II = 1> <Delay = 3.52> <FuncUnit> <Opcode : 'add' 'sub'> <InPorts = 2> <OutPorts = 1>

State 3 <SV = 2> <Delay = 4.09>
ST_3 : Operation 16 [1/1] (2.47ns)   --->   "%icmp_ln935 = icmp eq i32 %tmp_data_0_V, 0" [firmware/myproject_axi.cpp:33]   --->   Operation 16 'icmp' 'icmp_ln935' <Predicate = true> <Delay = 2.47> <Core = "Cmp">   --->   Core 25 'Cmp' <Latency = 0> <II = 1> <Delay = 2.47> <FuncUnit> <Opcode : 'icmp'> <InPorts = 2> <OutPorts = 1>
ST_3 : Operation 17 [1/1] (0.69ns)   --->   "%tmp_V_3 = select i1 %p_Result_3, i32 %tmp_V, i32 %tmp_data_0_V" [firmware/myproject_axi.cpp:33]   --->   Operation 17 'select' 'tmp_V_3' <Predicate = true> <Delay = 0.69> <Core = "Sel">   --->   Core 26 'Sel' <Latency = 0> <II = 1> <Delay = 0.69> <FuncUnit> <Opcode : 'select'> <InPorts = 3> <OutPorts = 1>
ST_3 : Operation 18 [1/1] (0.00ns)   --->   "%p_Result_4 = call i32 @_ssdm_op_PartSelect.i32.i32.i32.i32(i32 %tmp_V_3, i32 31, i32 0)" [firmware/myproject_axi.cpp:33]   --->   Operation 18 'partselect' 'p_Result_4' <Predicate = true> <Delay = 0.00>
ST_3 : Operation 19 [1/1] (3.39ns)   --->   "%l = call i32 @llvm.cttz.i32(i32 %p_Result_4, i1 true) nounwind" [firmware/myproject_axi.cpp:33]   --->   Operation 19 'cttz' 'l' <Predicate = true> <Delay = 3.39> <Core = "CTTZ">   --->   Core 64 'CTTZ' <Latency = 0> <II = 1> <Delay = 3.39> <FuncUnit> <Opcode : 'cttz'> <InPorts = 1> <OutPorts = 1>
ST_3 : Operation 20 [1/1] (0.00ns)   --->   "%trunc_ln943 = trunc i32 %l to i8" [firmware/myproject_axi.cpp:33]   --->   Operation 20 'trunc' 'trunc_ln943' <Predicate = true> <Delay = 0.00>

State 4 <SV = 3> <Delay = 2.55>
ST_4 : Operation 21 [1/1] (2.55ns)   --->   "%sub_ln944 = sub nsw i32 32, %l" [firmware/myproject_axi.cpp:33]   --->   Operation 21 'sub' 'sub_ln944' <Predicate = (!icmp_ln935)> <Delay = 2.55> <Core = "AddSub">   --->   Core 14 'AddSub' <Latency = 0> <II = 1> <Delay = 3.52> <FuncUnit> <Opcode : 'add' 'sub'> <InPorts = 2> <OutPorts = 1>
ST_4 : Operation 22 [1/1] (0.00ns)   --->   "%trunc_ln947 = trunc i32 %sub_ln944 to i6" [firmware/myproject_axi.cpp:33]   --->   Operation 22 'trunc' 'trunc_ln947' <Predicate = (!icmp_ln935)> <Delay = 0.00>

State 5 <SV = 4> <Delay = 2.55>
ST_5 : Operation 23 [1/1] (2.55ns)   --->   "%lsb_index = add nsw i32 -24, %sub_ln944" [firmware/myproject_axi.cpp:33]   --->   Operation 23 'add' 'lsb_index' <Predicate = (!icmp_ln935)> <Delay = 2.55> <Core = "AddSub">   --->   Core 14 'AddSub' <Latency = 0> <II = 1> <Delay = 3.52> <FuncUnit> <Opcode : 'add' 'sub'> <InPorts = 2> <OutPorts = 1>
ST_5 : Operation 24 [1/1] (0.00ns)   --->   "%tmp = call i31 @_ssdm_op_PartSelect.i31.i32.i32.i32(i32 %lsb_index, i32 1, i32 31)" [firmware/myproject_axi.cpp:33]   --->   Operation 24 'partselect' 'tmp' <Predicate = (!icmp_ln935)> <Delay = 0.00>
ST_5 : Operation 25 [1/1] (1.82ns)   --->   "%sub_ln947 = sub i6 -7, %trunc_ln947" [firmware/myproject_axi.cpp:33]   --->   Operation 25 'sub' 'sub_ln947' <Predicate = (!icmp_ln935)> <Delay = 1.82> <Core = "AddSub">   --->   Core 14 'AddSub' <Latency = 0> <II = 1> <Delay = 3.52> <FuncUnit> <Opcode : 'add' 'sub'> <InPorts = 2> <OutPorts = 1>
ST_5 : Operation 26 [1/1] (2.55ns)   --->   "%add_ln958 = add nsw i32 -25, %sub_ln944" [firmware/myproject_axi.cpp:33]   --->   Operation 26 'add' 'add_ln958' <Predicate = (!icmp_ln935)> <Delay = 2.55> <Core = "AddSub">   --->   Core 14 'AddSub' <Latency = 0> <II = 1> <Delay = 3.52> <FuncUnit> <Opcode : 'add' 'sub'> <InPorts = 2> <OutPorts = 1>
ST_5 : Operation 27 [1/1] (2.55ns)   --->   "%sub_ln958 = sub i32 25, %sub_ln944" [firmware/myproject_axi.cpp:33]   --->   Operation 27 'sub' 'sub_ln958' <Predicate = (!icmp_ln935)> <Delay = 2.55> <Core = "AddSub">   --->   Core 14 'AddSub' <Latency = 0> <II = 1> <Delay = 3.52> <FuncUnit> <Opcode : 'add' 'sub'> <InPorts = 2> <OutPorts = 1>

State 6 <SV = 5> <Delay = 3.91>
ST_6 : Operation 28 [1/1] (2.47ns)   --->   "%icmp_ln947 = icmp sgt i31 %tmp, 0" [firmware/myproject_axi.cpp:33]   --->   Operation 28 'icmp' 'icmp_ln947' <Predicate = (!icmp_ln935)> <Delay = 2.47> <Core = "Cmp">   --->   Core 25 'Cmp' <Latency = 0> <II = 1> <Delay = 2.47> <FuncUnit> <Opcode : 'icmp'> <InPorts = 2> <OutPorts = 1>
ST_6 : Operation 29 [1/1] (0.00ns) (grouped into LUT with out node icmp_ln947_1)   --->   "%zext_ln947 = zext i6 %sub_ln947 to i32" [firmware/myproject_axi.cpp:33]   --->   Operation 29 'zext' 'zext_ln947' <Predicate = (!icmp_ln935)> <Delay = 0.00>
ST_6 : Operation 30 [1/1] (0.00ns) (grouped into LUT with out node icmp_ln947_1)   --->   "%lshr_ln947 = lshr i32 -1, %zext_ln947" [firmware/myproject_axi.cpp:33]   --->   Operation 30 'lshr' 'lshr_ln947' <Predicate = (!icmp_ln935)> <Delay = 0.00> <Core = "Shift">   --->   Core 28 'Shift' <Latency = 0> <II = 1> <Delay = 2.94> <FuncUnit> <Opcode : 'shl' 'lshr' 'ashr'> <InPorts = 2> <OutPorts = 1>
ST_6 : Operation 31 [1/1] (0.00ns) (grouped into LUT with out node icmp_ln947_1)   --->   "%p_Result_s = and i32 %tmp_V_3, %lshr_ln947" [firmware/myproject_axi.cpp:33]   --->   Operation 31 'and' 'p_Result_s' <Predicate = (!icmp_ln935)> <Delay = 0.00> <Core = "LogicGate">   --->   Core 27 'LogicGate' <Latency = 0> <II = 1> <Delay = 0.97> <FuncUnit> <Opcode : 'and' 'or' 'xor'> <InPorts = 2> <OutPorts = 1>
ST_6 : Operation 32 [1/1] (2.94ns) (out node of the LUT)   --->   "%icmp_ln947_1 = icmp ne i32 %p_Result_s, 0" [firmware/myproject_axi.cpp:33]   --->   Operation 32 'icmp' 'icmp_ln947_1' <Predicate = (!icmp_ln935)> <Delay = 2.94> <Core = "Cmp">   --->   Core 25 'Cmp' <Latency = 0> <II = 1> <Delay = 2.47> <FuncUnit> <Opcode : 'icmp'> <InPorts = 2> <OutPorts = 1>
ST_6 : Operation 33 [1/1] (0.00ns) (grouped into LUT with out node or_ln_i_i)   --->   "%a = and i1 %icmp_ln947, %icmp_ln947_1" [firmware/myproject_axi.cpp:33]   --->   Operation 33 'and' 'a' <Predicate = (!icmp_ln935)> <Delay = 0.00> <Core = "LogicGate">   --->   Core 27 'LogicGate' <Latency = 0> <II = 1> <Delay = 0.97> <FuncUnit> <Opcode : 'and' 'or' 'xor'> <InPorts = 2> <OutPorts = 1>
ST_6 : Operation 34 [1/1] (0.00ns) (grouped into LUT with out node or_ln_i_i)   --->   "%tmp_1 = call i1 @_ssdm_op_BitSelect.i1.i32.i32(i32 %lsb_index, i32 31)" [firmware/myproject_axi.cpp:33]   --->   Operation 34 'bitselect' 'tmp_1' <Predicate = (!icmp_ln935)> <Delay = 0.00>
ST_6 : Operation 35 [1/1] (0.00ns) (grouped into LUT with out node or_ln_i_i)   --->   "%xor_ln949 = xor i1 %tmp_1, true" [firmware/myproject_axi.cpp:33]   --->   Operation 35 'xor' 'xor_ln949' <Predicate = (!icmp_ln935)> <Delay = 0.00> <Core = "LogicGate">   --->   Core 27 'LogicGate' <Latency = 0> <II = 1> <Delay = 0.97> <FuncUnit> <Opcode : 'and' 'or' 'xor'> <InPorts = 2> <OutPorts = 1>
ST_6 : Operation 36 [1/1] (0.00ns) (grouped into LUT with out node or_ln_i_i)   --->   "%p_Result_1 = call i1 @_ssdm_op_BitSelect.i1.i32.i32(i32 %tmp_V_3, i32 %lsb_index)" [firmware/myproject_axi.cpp:33]   --->   Operation 36 'bitselect' 'p_Result_1' <Predicate = (!icmp_ln935)> <Delay = 0.00>
ST_6 : Operation 37 [1/1] (0.00ns) (grouped into LUT with out node or_ln_i_i)   --->   "%and_ln949 = and i1 %p_Result_1, %xor_ln949" [firmware/myproject_axi.cpp:33]   --->   Operation 37 'and' 'and_ln949' <Predicate = (!icmp_ln935)> <Delay = 0.00> <Core = "LogicGate">   --->   Core 27 'LogicGate' <Latency = 0> <II = 1> <Delay = 0.97> <FuncUnit> <Opcode : 'and' 'or' 'xor'> <InPorts = 2> <OutPorts = 1>
ST_6 : Operation 38 [1/1] (0.00ns) (grouped into LUT with out node or_ln_i_i)   --->   "%or_ln949 = or i1 %and_ln949, %a" [firmware/myproject_axi.cpp:33]   --->   Operation 38 'or' 'or_ln949' <Predicate = (!icmp_ln935)> <Delay = 0.00> <Core = "LogicGate">   --->   Core 27 'LogicGate' <Latency = 0> <II = 1> <Delay = 0.97> <FuncUnit> <Opcode : 'and' 'or' 'xor'> <InPorts = 2> <OutPorts = 1>
ST_6 : Operation 39 [1/1] (0.97ns) (out node of the LUT)   --->   "%or_ln_i_i = call i32 @_ssdm_op_BitConcatenate.i32.i31.i1(i31 0, i1 %or_ln949)" [firmware/myproject_axi.cpp:33]   --->   Operation 39 'bitconcatenate' 'or_ln_i_i' <Predicate = (!icmp_ln935)> <Delay = 0.97>
ST_6 : Operation 40 [1/1] (0.00ns)   --->   "%m = zext i32 %tmp_V_3 to i64" [firmware/myproject_axi.cpp:33]   --->   Operation 40 'zext' 'm' <Predicate = (!icmp_ln935)> <Delay = 0.00>
ST_6 : Operation 41 [1/1] (2.47ns)   --->   "%icmp_ln958 = icmp sgt i32 %lsb_index, 0" [firmware/myproject_axi.cpp:33]   --->   Operation 41 'icmp' 'icmp_ln958' <Predicate = (!icmp_ln935)> <Delay = 2.47> <Core = "Cmp">   --->   Core 25 'Cmp' <Latency = 0> <II = 1> <Delay = 2.47> <FuncUnit> <Opcode : 'icmp'> <InPorts = 2> <OutPorts = 1>
ST_6 : Operation 42 [2/2] (3.60ns)   --->   "%lshr_ln958 = lshr i32 %tmp_V_3, %add_ln958" [firmware/myproject_axi.cpp:33]   --->   Operation 42 'lshr' 'lshr_ln958' <Predicate = (!icmp_ln935)> <Delay = 3.60> <Core = "ShiftnS">   --->   Core 29 'ShiftnS' <Latency = 1> <II = 1> <Delay = 3.60> <FuncUnit> <Opcode : 'shl' 'lshr' 'ashr'> <InPorts = 2> <OutPorts = 1>
ST_6 : Operation 43 [1/1] (0.00ns)   --->   "%zext_ln958_1 = zext i32 %sub_ln958 to i64" [firmware/myproject_axi.cpp:33]   --->   Operation 43 'zext' 'zext_ln958_1' <Predicate = (!icmp_ln935)> <Delay = 0.00>
ST_6 : Operation 44 [2/2] (3.60ns)   --->   "%shl_ln958 = shl i64 %m, %zext_ln958_1" [firmware/myproject_axi.cpp:33]   --->   Operation 44 'shl' 'shl_ln958' <Predicate = (!icmp_ln935)> <Delay = 3.60> <Core = "ShiftnS">   --->   Core 29 'ShiftnS' <Latency = 1> <II = 1> <Delay = 3.60> <FuncUnit> <Opcode : 'shl' 'lshr' 'ashr'> <InPorts = 2> <OutPorts = 1>

State 7 <SV = 6> <Delay = 3.60>
ST_7 : Operation 45 [1/2] (3.60ns)   --->   "%lshr_ln958 = lshr i32 %tmp_V_3, %add_ln958" [firmware/myproject_axi.cpp:33]   --->   Operation 45 'lshr' 'lshr_ln958' <Predicate = (!icmp_ln935)> <Delay = 3.60> <Core = "ShiftnS">   --->   Core 29 'ShiftnS' <Latency = 1> <II = 1> <Delay = 3.60> <FuncUnit> <Opcode : 'shl' 'lshr' 'ashr'> <InPorts = 2> <OutPorts = 1>
ST_7 : Operation 46 [1/2] (3.60ns)   --->   "%shl_ln958 = shl i64 %m, %zext_ln958_1" [firmware/myproject_axi.cpp:33]   --->   Operation 46 'shl' 'shl_ln958' <Predicate = (!icmp_ln935)> <Delay = 3.60> <Core = "ShiftnS">   --->   Core 29 'ShiftnS' <Latency = 1> <II = 1> <Delay = 3.60> <FuncUnit> <Opcode : 'shl' 'lshr' 'ashr'> <InPorts = 2> <OutPorts = 1>

State 8 <SV = 7> <Delay = 3.52>
ST_8 : Operation 47 [1/1] (0.00ns) (grouped into LUT with out node m_2)   --->   "%zext_ln958 = zext i32 %lshr_ln958 to i64" [firmware/myproject_axi.cpp:33]   --->   Operation 47 'zext' 'zext_ln958' <Predicate = (icmp_ln958 & !icmp_ln935)> <Delay = 0.00>
ST_8 : Operation 48 [1/1] (0.00ns) (grouped into LUT with out node m_2)   --->   "%m_1 = select i1 %icmp_ln958, i64 %zext_ln958, i64 %shl_ln958" [firmware/myproject_axi.cpp:33]   --->   Operation 48 'select' 'm_1' <Predicate = (!icmp_ln935)> <Delay = 0.00> <Core = "Sel">   --->   Core 26 'Sel' <Latency = 0> <II = 1> <Delay = 0.69> <FuncUnit> <Opcode : 'select'> <InPorts = 3> <OutPorts = 1>
ST_8 : Operation 49 [1/1] (0.00ns) (grouped into LUT with out node m_2)   --->   "%zext_ln961 = zext i32 %or_ln_i_i to i64" [firmware/myproject_axi.cpp:33]   --->   Operation 49 'zext' 'zext_ln961' <Predicate = (!icmp_ln935)> <Delay = 0.00>
ST_8 : Operation 50 [1/1] (3.52ns) (out node of the LUT)   --->   "%m_2 = add i64 %zext_ln961, %m_1" [firmware/myproject_axi.cpp:33]   --->   Operation 50 'add' 'm_2' <Predicate = (!icmp_ln935)> <Delay = 3.52> <Core = "AddSub">   --->   Core 14 'AddSub' <Latency = 0> <II = 1> <Delay = 3.52> <FuncUnit> <Opcode : 'add' 'sub'> <InPorts = 2> <OutPorts = 1>
ST_8 : Operation 51 [1/1] (0.00ns)   --->   "%m_5 = call i63 @_ssdm_op_PartSelect.i63.i64.i32.i32(i64 %m_2, i32 1, i32 63)" [firmware/myproject_axi.cpp:33]   --->   Operation 51 'partselect' 'm_5' <Predicate = (!icmp_ln935)> <Delay = 0.00>
ST_8 : Operation 52 [1/1] (0.00ns)   --->   "%tmp_2 = call i1 @_ssdm_op_BitSelect.i1.i64.i32(i64 %m_2, i32 25)" [firmware/myproject_axi.cpp:33]   --->   Operation 52 'bitselect' 'tmp_2' <Predicate = (!icmp_ln935)> <Delay = 0.00>

State 9 <SV = 8> <Delay = 1.24>
ST_9 : Operation 53 [1/1] (1.24ns)   --->   "%select_ln964 = select i1 %tmp_2, i8 127, i8 126" [firmware/myproject_axi.cpp:33]   --->   Operation 53 'select' 'select_ln964' <Predicate = (!icmp_ln935)> <Delay = 1.24> <Core = "Sel">   --->   Core 26 'Sel' <Latency = 0> <II = 1> <Delay = 0.69> <FuncUnit> <Opcode : 'select'> <InPorts = 3> <OutPorts = 1>

State 10 <SV = 9> <Delay = 4.36>
ST_10 : Operation 54 [1/1] (0.00ns)   --->   "%m_6 = zext i63 %m_5 to i64" [firmware/myproject_axi.cpp:33]   --->   Operation 54 'zext' 'm_6' <Predicate = (!icmp_ln935)> <Delay = 0.00>
ST_10 : Operation 55 [1/1] (0.00ns) (grouped into TernaryAdder)   --->   "%sub_ln964 = sub i8 16, %trunc_ln943" [firmware/myproject_axi.cpp:33]   --->   Operation 55 'sub' 'sub_ln964' <Predicate = (!icmp_ln935)> <Delay = 0.00> <Core = "TAddSub">   --->   Core 83 'TAddSub' <Latency = 0> <II = 1> <Delay = 1.83> <IPBlock> <Opcode : 'add' 'sub'> <InPorts = 3> <OutPorts = 1> <Sync> <CReg>
ST_10 : Operation 56 [1/1] (3.66ns) (root node of TernaryAdder)   --->   "%add_ln964 = add i8 %sub_ln964, %select_ln964" [firmware/myproject_axi.cpp:33]   --->   Operation 56 'add' 'add_ln964' <Predicate = (!icmp_ln935)> <Delay = 3.66> <Core = "TAddSub">   --->   Core 83 'TAddSub' <Latency = 0> <II = 1> <Delay = 1.83> <IPBlock> <Opcode : 'add' 'sub'> <InPorts = 3> <OutPorts = 1> <Sync> <CReg>
ST_10 : Operation 57 [1/1] (0.00ns)   --->   "%tmp_35_i_i = call i9 @_ssdm_op_BitConcatenate.i9.i1.i8(i1 %p_Result_3, i8 %add_ln964)" [firmware/myproject_axi.cpp:33]   --->   Operation 57 'bitconcatenate' 'tmp_35_i_i' <Predicate = (!icmp_ln935)> <Delay = 0.00>
ST_10 : Operation 58 [1/1] (0.00ns)   --->   "%p_Result_5 = call i64 @_ssdm_op_PartSet.i64.i64.i9.i32.i32(i64 %m_6, i9 %tmp_35_i_i, i32 23, i32 31)" [firmware/myproject_axi.cpp:33]   --->   Operation 58 'partset' 'p_Result_5' <Predicate = (!icmp_ln935)> <Delay = 0.00>
ST_10 : Operation 59 [1/1] (0.00ns)   --->   "%trunc_ln738 = trunc i64 %p_Result_5 to i32" [firmware/myproject_axi.cpp:33]   --->   Operation 59 'trunc' 'trunc_ln738' <Predicate = (!icmp_ln935)> <Delay = 0.00>
ST_10 : Operation 60 [1/1] (0.00ns)   --->   "%bitcast_ln739 = bitcast i32 %trunc_ln738 to float" [firmware/myproject_axi.cpp:33]   --->   Operation 60 'bitcast' 'bitcast_ln739' <Predicate = (!icmp_ln935)> <Delay = 0.00>
ST_10 : Operation 61 [1/1] (0.69ns)   --->   "%select_ln935 = select i1 %icmp_ln935, float 0.000000e+00, float %bitcast_ln739" [firmware/myproject_axi.cpp:33]   --->   Operation 61 'select' 'select_ln935' <Predicate = true> <Delay = 0.69> <Core = "Sel">   --->   Core 26 'Sel' <Latency = 0> <II = 1> <Delay = 0.69> <FuncUnit> <Opcode : 'select'> <InPorts = 3> <OutPorts = 1>
ST_10 : Operation 62 [2/2] (0.00ns)   --->   "call void @_ssdm_op_Write.axis.volatile.i1P.floatP(i1* %out_last_V, float* %out_data, i1 %is_last_1_i_0_loc_read, float %select_ln935)" [firmware/myproject_axi.h:23->firmware/myproject_axi.cpp:33]   --->   Operation 62 'write' <Predicate = true> <Delay = 0.00> <Core = "AXI4Stream">   --->   Core 5 'AXI4Stream' <Latency = 0> <II = 1> <Delay = 1.00> <Adapter> <Opcode : >

State 11 <SV = 10> <Delay = 0.00>
ST_11 : Operation 63 [1/1] (0.00ns)   --->   "call void (...)* @_ssdm_op_SpecInterface(i1* %out_last_V, float* %out_data, [5 x i8]* @p_str8, i32 1, i32 1, [5 x i8]* @p_str1, i32 0, i32 0, [1 x i8]* @p_str2, [1 x i8]* @p_str2, [1 x i8]* @p_str2, i32 0, i32 0, i32 0, i32 0, [1 x i8]* @p_str2, [1 x i8]* @p_str2)"   --->   Operation 63 'specinterface' <Predicate = true> <Delay = 0.00>
ST_11 : Operation 64 [1/1] (0.00ns)   --->   "call void (...)* @_ssdm_op_SpecInterface(i32* %out_local_V_data_0_V, [8 x i8]* @ap_fifo_str, i32 0, i32 0, [1 x i8]* @p_str, i32 0, i32 0, [1 x i8]* @p_str, [1 x i8]* @p_str, [1 x i8]* @p_str, i32 2, i32 2, i32 16, i32 16, [1 x i8]* @p_str, [1 x i8]* @p_str)"   --->   Operation 64 'specinterface' <Predicate = true> <Delay = 0.00>
ST_11 : Operation 65 [1/1] (0.00ns)   --->   "call void (...)* @_ssdm_op_SpecInterface(i1* %is_last_1_i_0_loc, [8 x i8]* @ap_fifo_str, i32 0, i32 0, [1 x i8]* @p_str, i32 0, i32 0, [1 x i8]* @p_str, [1 x i8]* @p_str, [1 x i8]* @p_str, i32 2, i32 2, i32 16, i32 16, [1 x i8]* @p_str, [11 x i8]* @ScalarProp_str)"   --->   Operation 65 'specinterface' <Predicate = true> <Delay = 0.00>
ST_11 : Operation 66 [1/2] (0.00ns)   --->   "call void @_ssdm_op_Write.axis.volatile.i1P.floatP(i1* %out_last_V, float* %out_data, i1 %is_last_1_i_0_loc_read, float %select_ln935)" [firmware/myproject_axi.h:23->firmware/myproject_axi.cpp:33]   --->   Operation 66 'write' <Predicate = true> <Delay = 0.00> <Core = "AXI4Stream">   --->   Core 5 'AXI4Stream' <Latency = 0> <II = 1> <Delay = 1.00> <Adapter> <Opcode : >
ST_11 : Operation 67 [1/1] (0.00ns)   --->   "ret void"   --->   Operation 67 'ret' <Predicate = true> <Delay = 0.00>


============================================================
+ Verbose Summary: Timing violations
============================================================
Target clock period: 5ns, clock uncertainty: 0.625ns.

 <State 1>: 2.19ns
The critical path consists of the following:
	fifo read on port 'is_last_1_i_0_loc' [8]  (2.19 ns)

 <State 2>: 2.55ns
The critical path consists of the following:
	'sub' operation ('tmp.V', firmware/myproject_axi.cpp:33) [12]  (2.55 ns)

 <State 3>: 4.1ns
The critical path consists of the following:
	'select' operation ('tmp.V', firmware/myproject_axi.cpp:33) [13]  (0.698 ns)
	'cttz' operation ('l', firmware/myproject_axi.cpp:33) [15]  (3.4 ns)

 <State 4>: 2.55ns
The critical path consists of the following:
	'sub' operation ('sub_ln944', firmware/myproject_axi.cpp:33) [16]  (2.55 ns)

 <State 5>: 2.55ns
The critical path consists of the following:
	'add' operation ('lsb_index', firmware/myproject_axi.cpp:33) [17]  (2.55 ns)

 <State 6>: 3.92ns
The critical path consists of the following:
	'lshr' operation ('lshr_ln947', firmware/myproject_axi.cpp:33) [23]  (0 ns)
	'and' operation ('__Result__', firmware/myproject_axi.cpp:33) [24]  (0 ns)
	'icmp' operation ('icmp_ln947_1', firmware/myproject_axi.cpp:33) [25]  (2.94 ns)
	'and' operation ('a', firmware/myproject_axi.cpp:33) [26]  (0 ns)
	'or' operation ('or_ln949', firmware/myproject_axi.cpp:33) [31]  (0 ns)
	blocking operation 0.978 ns on control path)

 <State 7>: 3.61ns
The critical path consists of the following:
	'lshr' operation ('lshr_ln958', firmware/myproject_axi.cpp:33) [36]  (3.61 ns)

 <State 8>: 3.52ns
The critical path consists of the following:
	'select' operation ('m', firmware/myproject_axi.cpp:33) [41]  (0 ns)
	'add' operation ('m', firmware/myproject_axi.cpp:33) [43]  (3.52 ns)

 <State 9>: 1.25ns
The critical path consists of the following:
	'select' operation ('select_ln964', firmware/myproject_axi.cpp:33) [47]  (1.25 ns)

 <State 10>: 4.37ns
The critical path consists of the following:
	'sub' operation ('sub_ln964', firmware/myproject_axi.cpp:33) [49]  (0 ns)
	'add' operation ('add_ln964', firmware/myproject_axi.cpp:33) [50]  (3.67 ns)
	'select' operation ('select_ln935', firmware/myproject_axi.cpp:33) [55]  (0.698 ns)

 <State 11>: 0ns
The critical path consists of the following:


============================================================
+ Verbose Summary: Binding
============================================================
N/A
* FSMD analyzer results:
  - Output states:
 - Input state : 
  - Chain level:
	State 1
	State 2
	State 3
	State 4
	State 5
	State 6
	State 7
	State 8
	State 9
	State 10
	State 11


============================================================
+ Verbose Summary: Datapath Resource usage 
============================================================
N/A
