
****** Vivado(TM) HLS - High-Level Synthesis from C, C++ and SystemC v2019.2 (64-bit)
  **** SW Build 2708876 on Wed Nov  6 21:39:14 MST 2019
  **** IP Build 2700528 on Thu Nov  7 00:09:20 MST 2019
    ** Copyright 1986-2019 Xilinx, Inc. All Rights Reserved.

source /opt/Xilinx/Vivado/2019.2/scripts/vivado_hls/hls.tcl -notrace
INFO: Applying HLS Y2K22 patch v1.2 for IP revision
INFO: [HLS 200-10] Running '/opt/Xilinx/Vivado/2019.2/bin/unwrapped/lnx64.o/vivado_hls'
INFO: [HLS 200-10] For user 'hisky' on host 'r7515ed520.EE.NCTU.edu.tw' (Linux_x86_64 version 3.10.0-1160.90.1.el7.x86_64) on Tue Jul 18 18:45:17 CST 2023
INFO: [HLS 200-10] On os "CentOS Linux release 7.9.2009 (Core)"
INFO: [HLS 200-10] In directory '/home/hisky/Lab-undergrad/Lab4/hls_model/mnist'
Sourcing Tcl script 'build_prj.tcl'
INFO: [HLS 200-10] Opening project '/home/hisky/Lab-undergrad/Lab4/hls_model/mnist/myproject_prj'.
INFO: [HLS 200-10] Adding design file 'firmware/myproject_axi.cpp' to the project
INFO: [HLS 200-10] Adding design file 'firmware/myproject.cpp' to the project
INFO: [HLS 200-10] Adding test bench file 'myproject_test.cpp' to the project
INFO: [HLS 200-10] Adding test bench file 'firmware/weights' to the project
INFO: [HLS 200-10] Adding test bench file 'tb_data' to the project
INFO: [HLS 200-10] Opening solution '/home/hisky/Lab-undergrad/Lab4/hls_model/mnist/myproject_prj/solution1'.
INFO: [SYN 201-201] Setting up clock 'default' with a period of 5ns.
INFO: [SYN 201-201] Setting up clock 'default' with an uncertainty of 0.625ns.
INFO: [HLS 200-10] Setting target device to 'xc7z020-clg400-1'
INFO: [XFORM 203-101] Allowed max sub elements number after partition is 4096.
INFO: [XFORM 203-1161] The maximum of name length is set into 80.
INFO: [XFORM 203-101] Allowed max sub elements number after partition is 4096.
INFO: [XFORM 203-1161] The maximum of name length is set into 80.
***** C SIMULATION *****
INFO: [SIM 211-2] *************** CSIM start ***************
INFO: [SIM 211-4] CSIM will launch GCC as the compiler.
   Compiling ../../../../myproject_test.cpp in debug mode
   Compiling ../../../../firmware/myproject.cpp in debug mode
   Compiling ../../../../firmware/myproject_axi.cpp in debug mode
   Generating csim.exe
INFO: Unable to open input/predictions file, using default input.
{ data: 0.0996094, last: 0 }
 { data: 0.0996094, last: 0 }
 { data: 0.0996094, last: 0 }
 { data: 0.0996094, last: 0 }
 { data: 0.0996094, last: 0 }
 { data: 0.0996094, last: 0 }
 { data: 0.0996094, last: 0 }
 { data: 0.0996094, last: 0 }
 { data: 0.0996094, last: 0 }
 { data: 0.0996094, last: 1 }
 
INFO: Saved inference results to file: tb_data/csim_results.log
INFO: [SIM 211-1] CSim done with 0 errors.
INFO: [SIM 211-3] *************** CSIM finish ***************
***** C SIMULATION COMPLETED IN 0h0m9s *****
***** C/RTL SYNTHESIS *****
INFO: [SCHED 204-61] Option 'relax_ii_for_timing' is enabled, will increase II to preserve clock frequency constraints.
INFO: [HLS 200-10] Analyzing design file 'firmware/myproject.cpp' ... 
WARNING: [HLS 214-113] Either use an argument of the function or declare the variable inside the dataflow loop body: firmware/myproject.cpp:43:74
WARNING: [HLS 214-113] Either use an argument of the function or declare the variable inside the dataflow loop body: firmware/myproject.cpp:43:78
WARNING: [HLS 214-113] Either use an argument of the function or declare the variable inside the dataflow loop body: firmware/myproject.cpp:59:74
WARNING: [HLS 214-113] Either use an argument of the function or declare the variable inside the dataflow loop body: firmware/myproject.cpp:59:78
WARNING: [HLS 214-113] Either use an argument of the function or declare the variable inside the dataflow loop body: firmware/myproject.cpp:72:67
WARNING: [HLS 214-113] Either use an argument of the function or declare the variable inside the dataflow loop body: firmware/myproject.cpp:72:71
WARNING: [HLS 214-113] Either use an argument of the function or declare the variable inside the dataflow loop body: firmware/myproject.cpp:80:72
WARNING: [HLS 214-113] Either use an argument of the function or declare the variable inside the dataflow loop body: firmware/myproject.cpp:80:77
WARNING: [HLS 200-471] Dataflow form checks found 8 issue(s) in file firmware/myproject.cpp
INFO: [HLS 200-10] Analyzing design file 'firmware/myproject_axi.cpp' ... 
WARNING: [HLS 214-114] Since the only kind of statements allowed in a canonical dataflow region are variable declarations and function calls, the compiler may not be able to correctly handle the region: firmware/myproject_axi.cpp:17:2
WARNING: [HLS 214-114] Since the only kind of statements allowed in a canonical dataflow region are variable declarations and function calls, the compiler may not be able to correctly handle the region: firmware/myproject_axi.cpp:29:5
WARNING: [HLS 200-471] Dataflow form checks found 2 issue(s) in file firmware/myproject_axi.cpp
INFO: [HLS 200-111] Finished Linking Time (s): cpu = 00:02:33 ; elapsed = 00:02:38 . Memory (MB): peak = 1052.969 ; gain = 532.930 ; free physical = 14476 ; free virtual = 102024
INFO: [HLS 200-111] Finished Checking Pragmas Time (s): cpu = 00:02:33 ; elapsed = 00:02:38 . Memory (MB): peak = 1052.969 ; gain = 532.930 ; free physical = 14476 ; free virtual = 102024
INFO: [HLS 200-10] Starting code transformations ...
INFO: [HLS 200-489] Unrolling loop 'LineBufferShift' (firmware/nnet_utils/nnet_conv_stream.h:244) in function 'void nnet::shift_line_buffer<nnet::array<ap_fixed<32, 16, (ap_q_mode)5, (ap_o_mode)3, 0>, 32u>, config7>(FORWARD_REFERENCE const&, ap_shift_reg<FORWARD_REFERENCE::value_type, FORWARD_REFERENCE::in_width> (*) [FORWARD_REFERENCE::n_chan], FORWARD_REFERENCE::value_type*)' completely with a factor of 1.
INFO: [HLS 200-489] Unrolling loop 'LineBufferShift' (firmware/nnet_utils/nnet_conv_stream.h:244) in function 'void nnet::shift_line_buffer<nnet::array<ap_fixed<32, 16, (ap_q_mode)5, (ap_o_mode)3, 0>, 16u>, config4>(FORWARD_REFERENCE const&, ap_shift_reg<FORWARD_REFERENCE::value_type, FORWARD_REFERENCE::in_width> (*) [FORWARD_REFERENCE::n_chan], FORWARD_REFERENCE::value_type*)' completely with a factor of 1.
INFO: [HLS 200-489] Unrolling loop 'UpdateBuffer' (firmware/nnet_utils/nnet_conv_stream.h:233) in function 'void nnet::shift_line_buffer<nnet::array<ap_fixed<32, 16, (ap_q_mode)5, (ap_o_mode)3, 0>, 1u>, config2>(FORWARD_REFERENCE const&, ap_shift_reg<FORWARD_REFERENCE::value_type, FORWARD_REFERENCE::in_width> (*) [FORWARD_REFERENCE::n_chan], FORWARD_REFERENCE::value_type*)' completely with a factor of 1.
INFO: [HLS 200-489] Unrolling loop 'Loop-1' (firmware/nnet_utils/nnet_padding_stream.h:11) in function 'void nnet::fill_zero<nnet::array<ap_fixed<32, 16, (ap_q_mode)5, (ap_o_mode)3, 0>, 1u>, config13>(hls::stream<FORWARD_REFERENCE>&)' completely with a factor of 1.
INFO: [HLS 200-489] Unrolling loop 'Loop-1' (firmware/nnet_utils/nnet_padding_stream.h:22) in function 'void nnet::fill_data<nnet::array<ap_fixed<32, 16, (ap_q_mode)5, (ap_o_mode)3, 0>, 1u>, nnet::array<ap_fixed<32, 16, (ap_q_mode)5, (ap_o_mode)3, 0>, 1u>, config13>(hls::stream<FORWARD_REFERENCE>&, hls::stream<FORWARD_REFERENCE>&)' completely with a factor of 1.
INFO: [XFORM 203-603] Inlining function 'nnet::array<ap_fixed<32, 16, (ap_q_mode)5, (ap_o_mode)3, 0>, 1u>::operator[].1' into 'nnet::fill_data<nnet::array<ap_fixed<32, 16, (ap_q_mode)5, (ap_o_mode)3, 0>, 1u>, nnet::array<ap_fixed<32, 16, (ap_q_mode)5, (ap_o_mode)3, 0>, 1u>, config13>' (firmware/nnet_utils/nnet_padding_stream.h:24).
INFO: [XFORM 203-603] Inlining function 'nnet::array<ap_fixed<32, 16, (ap_q_mode)5, (ap_o_mode)3, 0>, 1u>::operator[].1' into 'nnet::fill_data<nnet::array<ap_fixed<32, 16, (ap_q_mode)5, (ap_o_mode)3, 0>, 1u>, nnet::array<ap_fixed<32, 16, (ap_q_mode)5, (ap_o_mode)3, 0>, 1u>, config13>' (firmware/nnet_utils/nnet_padding_stream.h:24).
INFO: [XFORM 203-603] Inlining function 'nnet::array<ap_fixed<32, 16, (ap_q_mode)5, (ap_o_mode)3, 0>, 1u>::operator[].1' into 'nnet::fill_zero<nnet::array<ap_fixed<32, 16, (ap_q_mode)5, (ap_o_mode)3, 0>, 1u>, config13>' (firmware/nnet_utils/nnet_padding_stream.h:13).
INFO: [XFORM 203-603] Inlining function 'nnet::array<ap_fixed<32, 16, (ap_q_mode)5, (ap_o_mode)3, 0>, 1u>::operator[].1' into 'myproject_axi' (firmware/myproject_axi.cpp:21).
INFO: [XFORM 203-603] Inlining function 'nnet::fill_zero<nnet::array<ap_fixed<32, 16, (ap_q_mode)5, (ap_o_mode)3, 0>, 1u>, config13>' into 'nnet::zeropad2d_cl<nnet::array<ap_fixed<32, 16, (ap_q_mode)5, (ap_o_mode)3, 0>, 1u>, nnet::array<ap_fixed<32, 16, (ap_q_mode)5, (ap_o_mode)3, 0>, 1u>, config13>' (firmware/nnet_utils/nnet_padding_stream.h:78).
INFO: [XFORM 203-603] Inlining function 'nnet::fill_zero<nnet::array<ap_fixed<32, 16, (ap_q_mode)5, (ap_o_mode)3, 0>, 1u>, config13>' into 'nnet::zeropad2d_cl<nnet::array<ap_fixed<32, 16, (ap_q_mode)5, (ap_o_mode)3, 0>, 1u>, nnet::array<ap_fixed<32, 16, (ap_q_mode)5, (ap_o_mode)3, 0>, 1u>, config13>' (firmware/nnet_utils/nnet_padding_stream.h:70).
INFO: [XFORM 203-603] Inlining function 'nnet::fill_zero<nnet::array<ap_fixed<32, 16, (ap_q_mode)5, (ap_o_mode)3, 0>, 1u>, config13>' into 'nnet::zeropad2d_cl<nnet::array<ap_fixed<32, 16, (ap_q_mode)5, (ap_o_mode)3, 0>, 1u>, nnet::array<ap_fixed<32, 16, (ap_q_mode)5, (ap_o_mode)3, 0>, 1u>, config13>' (firmware/nnet_utils/nnet_padding_stream.h:62).
INFO: [XFORM 203-603] Inlining function 'nnet::fill_zero<nnet::array<ap_fixed<32, 16, (ap_q_mode)5, (ap_o_mode)3, 0>, 1u>, config13>' into 'nnet::zeropad2d_cl<nnet::array<ap_fixed<32, 16, (ap_q_mode)5, (ap_o_mode)3, 0>, 1u>, nnet::array<ap_fixed<32, 16, (ap_q_mode)5, (ap_o_mode)3, 0>, 1u>, config13>' (firmware/nnet_utils/nnet_padding_stream.h:54).
INFO: [XFORM 203-603] Inlining function 'nnet::fill_data<nnet::array<ap_fixed<32, 16, (ap_q_mode)5, (ap_o_mode)3, 0>, 1u>, nnet::array<ap_fixed<32, 16, (ap_q_mode)5, (ap_o_mode)3, 0>, 1u>, config13>' into 'nnet::zeropad2d_cl<nnet::array<ap_fixed<32, 16, (ap_q_mode)5, (ap_o_mode)3, 0>, 1u>, nnet::array<ap_fixed<32, 16, (ap_q_mode)5, (ap_o_mode)3, 0>, 1u>, config13>' (firmware/nnet_utils/nnet_padding_stream.h:66).
INFO: [XFORM 203-603] Inlining function 'nnet::array<ap_fixed<32, 16, (ap_q_mode)5, (ap_o_mode)3, 0>, 1u>::operator[]' into 'nnet::shift_line_buffer<nnet::array<ap_fixed<32, 16, (ap_q_mode)5, (ap_o_mode)3, 0>, 1u>, config2>' (firmware/nnet_utils/nnet_conv_stream.h:237).
INFO: [XFORM 203-603] Inlining function 'nnet::kernel_shift_2d<nnet::array<ap_fixed<32, 16, (ap_q_mode)5, (ap_o_mode)3, 0>, 1u>, config2>' into 'nnet::shift_line_buffer<nnet::array<ap_fixed<32, 16, (ap_q_mode)5, (ap_o_mode)3, 0>, 1u>, config2>' (firmware/nnet_utils/nnet_conv_stream.h:252).
INFO: [XFORM 203-603] Inlining function 'nnet::product::mult<ap_fixed<32, 16, (ap_q_mode)5, (ap_o_mode)3, 0>, ap_fixed<32, 16, (ap_q_mode)5, (ap_o_mode)3, 0> >::product' into 'nnet::dense_latency<ap_fixed<32, 16, (ap_q_mode)5, (ap_o_mode)3, 0>, ap_fixed<32, 16, (ap_q_mode)5, (ap_o_mode)3, 0>, config2_mult>' (firmware/nnet_utils/nnet_dense_latency.h:42).
INFO: [XFORM 203-603] Inlining function 'nnet::product::mult<ap_fixed<32, 16, (ap_q_mode)5, (ap_o_mode)3, 0>, ap_fixed<32, 16, (ap_q_mode)5, (ap_o_mode)3, 0> >::product' into 'nnet::dense_latency<ap_fixed<32, 16, (ap_q_mode)5, (ap_o_mode)3, 0>, ap_fixed<32, 16, (ap_q_mode)5, (ap_o_mode)3, 0>, config5_mult>' (firmware/nnet_utils/nnet_dense_latency.h:42).
INFO: [XFORM 203-603] Inlining function 'nnet::product::mult<ap_fixed<32, 16, (ap_q_mode)5, (ap_o_mode)3, 0>, ap_fixed<32, 16, (ap_q_mode)5, (ap_o_mode)3, 0> >::product' into 'nnet::dense_latency<ap_fixed<32, 16, (ap_q_mode)5, (ap_o_mode)3, 0>, ap_fixed<32, 16, (ap_q_mode)5, (ap_o_mode)3, 0>, config9>' (firmware/nnet_utils/nnet_dense_latency.h:42).
INFO: [XFORM 203-603] Inlining function 'nnet::product::mult<ap_fixed<32, 16, (ap_q_mode)5, (ap_o_mode)3, 0>, ap_fixed<32, 16, (ap_q_mode)5, (ap_o_mode)3, 0> >::product' into 'nnet::dense_latency<ap_fixed<32, 16, (ap_q_mode)5, (ap_o_mode)3, 0>, ap_fixed<32, 16, (ap_q_mode)5, (ap_o_mode)3, 0>, config11>' (firmware/nnet_utils/nnet_dense_latency.h:42).
INFO: [XFORM 203-603] Inlining function 'nnet::array<ap_fixed<32, 16, (ap_q_mode)5, (ap_o_mode)3, 0>, 16u>::operator[].1' into 'nnet::compute_output_buffer_2d<nnet::array<ap_fixed<32, 16, (ap_q_mode)5, (ap_o_mode)3, 0>, 1u>, nnet::array<ap_fixed<32, 16, (ap_q_mode)5, (ap_o_mode)3, 0>, 16u>, config2>' (firmware/nnet_utils/nnet_conv_stream.h:305).
INFO: [XFORM 203-603] Inlining function 'nnet::array<ap_fixed<32, 16, (ap_q_mode)5, (ap_o_mode)3, 0>, 16u>::operator[].1' into 'nnet::compute_pool_buffer_2d<nnet::array<ap_fixed<32, 16, (ap_q_mode)5, (ap_o_mode)3, 0>, 16u>, nnet::array<ap_fixed<32, 16, (ap_q_mode)5, (ap_o_mode)3, 0>, 16u>, config4>' (firmware/nnet_utils/nnet_pooling_stream.h:203).
INFO: [XFORM 203-603] Inlining function 'nnet::array<ap_fixed<32, 16, (ap_q_mode)5, (ap_o_mode)3, 0>, 16u>::operator[].1' into 'nnet::fill_data<nnet::array<ap_fixed<32, 16, (ap_q_mode)5, (ap_o_mode)3, 0>, 16u>, nnet::array<ap_fixed<32, 16, (ap_q_mode)5, (ap_o_mode)3, 0>, 16u>, config14>' (firmware/nnet_utils/nnet_padding_stream.h:24).
INFO: [XFORM 203-603] Inlining function 'nnet::array<ap_fixed<32, 16, (ap_q_mode)5, (ap_o_mode)3, 0>, 16u>::operator[].1' into 'nnet::fill_data<nnet::array<ap_fixed<32, 16, (ap_q_mode)5, (ap_o_mode)3, 0>, 16u>, nnet::array<ap_fixed<32, 16, (ap_q_mode)5, (ap_o_mode)3, 0>, 16u>, config14>' (firmware/nnet_utils/nnet_padding_stream.h:24).
INFO: [XFORM 203-603] Inlining function 'nnet::array<ap_fixed<32, 16, (ap_q_mode)5, (ap_o_mode)3, 0>, 16u>::operator[].1' into 'nnet::fill_zero<nnet::array<ap_fixed<32, 16, (ap_q_mode)5, (ap_o_mode)3, 0>, 16u>, config14>' (firmware/nnet_utils/nnet_padding_stream.h:13).
INFO: [XFORM 203-603] Inlining function 'nnet::array<ap_fixed<32, 16, (ap_q_mode)5, (ap_o_mode)3, 0>, 16u>::operator[].1' into 'nnet::relu<nnet::array<ap_fixed<32, 16, (ap_q_mode)5, (ap_o_mode)3, 0>, 16u>, nnet::array<ap_fixed<32, 16, (ap_q_mode)5, (ap_o_mode)3, 0>, 16u>, relu_config3>' (firmware/nnet_utils/nnet_activation_stream.h:54).
INFO: [XFORM 203-603] Inlining function 'nnet::array<ap_fixed<32, 16, (ap_q_mode)5, (ap_o_mode)3, 0>, 16u>::operator[].1' into 'nnet::relu<nnet::array<ap_fixed<32, 16, (ap_q_mode)5, (ap_o_mode)3, 0>, 16u>, nnet::array<ap_fixed<32, 16, (ap_q_mode)5, (ap_o_mode)3, 0>, 16u>, relu_config3>' (firmware/nnet_utils/nnet_activation_stream.h:52).
INFO: [XFORM 203-603] Inlining function 'nnet::array<ap_fixed<32, 16, (ap_q_mode)5, (ap_o_mode)3, 0>, 16u>::operator[].1' into 'nnet::relu<nnet::array<ap_fixed<32, 16, (ap_q_mode)5, (ap_o_mode)3, 0>, 16u>, nnet::array<ap_fixed<32, 16, (ap_q_mode)5, (ap_o_mode)3, 0>, 16u>, relu_config3>' (firmware/nnet_utils/nnet_activation_stream.h:52).
INFO: [XFORM 203-603] Inlining function 'nnet::array<ap_fixed<32, 16, (ap_q_mode)5, (ap_o_mode)3, 0>, 16u>::operator[].1' into 'nnet::relu<nnet::array<ap_fixed<32, 16, (ap_q_mode)5, (ap_o_mode)3, 0>, 16u>, nnet::array<ap_fixed<32, 16, (ap_q_mode)5, (ap_o_mode)3, 0>, 16u>, relu_config3>' (firmware/nnet_utils/nnet_activation_stream.h:51).
INFO: [XFORM 203-603] Inlining function 'nnet::conv_2d_buffer_cl<nnet::array<ap_fixed<32, 16, (ap_q_mode)5, (ap_o_mode)3, 0>, 1u>, nnet::array<ap_fixed<32, 16, (ap_q_mode)5, (ap_o_mode)3, 0>, 16u>, config2>' into 'nnet::conv_2d_cl<nnet::array<ap_fixed<32, 16, (ap_q_mode)5, (ap_o_mode)3, 0>, 1u>, nnet::array<ap_fixed<32, 16, (ap_q_mode)5, (ap_o_mode)3, 0>, 16u>, config2>' (firmware/nnet_utils/nnet_conv2d_stream.h:103).
INFO: [XFORM 203-603] Inlining function 'nnet::array<ap_fixed<32, 16, (ap_q_mode)5, (ap_o_mode)3, 0>, 16u>::operator[]' into 'nnet::shift_line_buffer<nnet::array<ap_fixed<32, 16, (ap_q_mode)5, (ap_o_mode)3, 0>, 16u>, config4>' (firmware/nnet_utils/nnet_conv_stream.h:237).
INFO: [XFORM 203-603] Inlining function 'nnet::array<ap_fixed<32, 16, (ap_q_mode)5, (ap_o_mode)3, 0>, 16u>::operator[]' into 'nnet::shift_line_buffer<nnet::array<ap_fixed<32, 16, (ap_q_mode)5, (ap_o_mode)3, 0>, 16u>, config5>' (firmware/nnet_utils/nnet_conv_stream.h:237).
INFO: [XFORM 203-603] Inlining function 'nnet::kernel_shift_2d<nnet::array<ap_fixed<32, 16, (ap_q_mode)5, (ap_o_mode)3, 0>, 16u>, config4>' into 'nnet::shift_line_buffer<nnet::array<ap_fixed<32, 16, (ap_q_mode)5, (ap_o_mode)3, 0>, 16u>, config4>' (firmware/nnet_utils/nnet_conv_stream.h:252).
INFO: [XFORM 203-603] Inlining function 'nnet::reduce_pool<ap_fixed<32, 16, (ap_q_mode)5, (ap_o_mode)3, 0>, 4, config4>' into 'nnet::compute_pool_buffer_2d<nnet::array<ap_fixed<32, 16, (ap_q_mode)5, (ap_o_mode)3, 0>, 16u>, nnet::array<ap_fixed<32, 16, (ap_q_mode)5, (ap_o_mode)3, 0>, 16u>, config4>' (firmware/nnet_utils/nnet_pooling_stream.h:204).
INFO: [XFORM 203-603] Inlining function 'nnet::compute_pool_buffer_2d<nnet::array<ap_fixed<32, 16, (ap_q_mode)5, (ap_o_mode)3, 0>, 16u>, nnet::array<ap_fixed<32, 16, (ap_q_mode)5, (ap_o_mode)3, 0>, 16u>, config4>' into 'nnet::pooling2d_buffer_cl<nnet::array<ap_fixed<32, 16, (ap_q_mode)5, (ap_o_mode)3, 0>, 16u>, nnet::array<ap_fixed<32, 16, (ap_q_mode)5, (ap_o_mode)3, 0>, 16u>, config4>' (firmware/nnet_utils/nnet_pooling_stream.h:247).
INFO: [XFORM 203-603] Inlining function 'nnet::pooling2d_buffer_cl<nnet::array<ap_fixed<32, 16, (ap_q_mode)5, (ap_o_mode)3, 0>, 16u>, nnet::array<ap_fixed<32, 16, (ap_q_mode)5, (ap_o_mode)3, 0>, 16u>, config4>' into 'nnet::pooling2d_cl<nnet::array<ap_fixed<32, 16, (ap_q_mode)5, (ap_o_mode)3, 0>, 16u>, nnet::array<ap_fixed<32, 16, (ap_q_mode)5, (ap_o_mode)3, 0>, 16u>, config4>' (firmware/nnet_utils/nnet_pooling_stream.h:257).
INFO: [XFORM 203-603] Inlining function 'nnet::shift_line_buffer<nnet::array<ap_fixed<32, 16, (ap_q_mode)5, (ap_o_mode)3, 0>, 16u>, config4>' into 'nnet::pooling2d_cl<nnet::array<ap_fixed<32, 16, (ap_q_mode)5, (ap_o_mode)3, 0>, 16u>, nnet::array<ap_fixed<32, 16, (ap_q_mode)5, (ap_o_mode)3, 0>, 16u>, config4>' (firmware/nnet_utils/nnet_pooling_stream.h:188->firmware/nnet_utils/nnet_pooling_stream.h:247->firmware/nnet_utils/nnet_pooling_stream.h:257).
INFO: [XFORM 203-603] Inlining function 'nnet::reduce<ap_fixed<32, 16, (ap_q_mode)5, (ap_o_mode)3, 0>, 4, nnet::Op_max<ap_fixed<32, 16, (ap_q_mode)5, (ap_o_mode)3, 0> > >' into 'nnet::pooling2d_cl<nnet::array<ap_fixed<32, 16, (ap_q_mode)5, (ap_o_mode)3, 0>, 16u>, nnet::array<ap_fixed<32, 16, (ap_q_mode)5, (ap_o_mode)3, 0>, 16u>, config4>' (firmware/nnet_utils/nnet_pooling_stream.h:21->firmware/nnet_utils/nnet_pooling_stream.h:204->firmware/nnet_utils/nnet_pooling_stream.h:247->firmware/nnet_utils/nnet_pooling_stream.h:257).
INFO: [XFORM 203-603] Inlining function 'nnet::reduce<ap_fixed<32, 16, (ap_q_mode)5, (ap_o_mode)3, 0>, 2, nnet::Op_max<ap_fixed<32, 16, (ap_q_mode)5, (ap_o_mode)3, 0> > >' into 'nnet::pooling2d_cl<nnet::array<ap_fixed<32, 16, (ap_q_mode)5, (ap_o_mode)3, 0>, 16u>, nnet::array<ap_fixed<32, 16, (ap_q_mode)5, (ap_o_mode)3, 0>, 16u>, config4>' (firmware/nnet_utils/nnet_common.h:45->firmware/nnet_utils/nnet_pooling_stream.h:21->firmware/nnet_utils/nnet_pooling_stream.h:204->firmware/nnet_utils/nnet_pooling_stream.h:247->firmware/nnet_utils/nnet_pooling_stream.h:257).
INFO: [XFORM 203-603] Inlining function 'nnet::reduce<ap_fixed<32, 16, (ap_q_mode)5, (ap_o_mode)3, 0>, 2, nnet::Op_max<ap_fixed<32, 16, (ap_q_mode)5, (ap_o_mode)3, 0> > >' into 'nnet::pooling2d_cl<nnet::array<ap_fixed<32, 16, (ap_q_mode)5, (ap_o_mode)3, 0>, 16u>, nnet::array<ap_fixed<32, 16, (ap_q_mode)5, (ap_o_mode)3, 0>, 16u>, config4>' (firmware/nnet_utils/nnet_common.h:45->firmware/nnet_utils/nnet_pooling_stream.h:21->firmware/nnet_utils/nnet_pooling_stream.h:204->firmware/nnet_utils/nnet_pooling_stream.h:247->firmware/nnet_utils/nnet_pooling_stream.h:257).
INFO: [XFORM 203-603] Inlining function 'nnet::Op_max<ap_fixed<32, 16, (ap_q_mode)5, (ap_o_mode)3, 0> >::operator()' into 'nnet::pooling2d_cl<nnet::array<ap_fixed<32, 16, (ap_q_mode)5, (ap_o_mode)3, 0>, 16u>, nnet::array<ap_fixed<32, 16, (ap_q_mode)5, (ap_o_mode)3, 0>, 16u>, config4>' (firmware/nnet_utils/nnet_common.h:45->firmware/nnet_utils/nnet_pooling_stream.h:21->firmware/nnet_utils/nnet_pooling_stream.h:204->firmware/nnet_utils/nnet_pooling_stream.h:247->firmware/nnet_utils/nnet_pooling_stream.h:257).
INFO: [XFORM 203-603] Inlining function 'nnet::Op_max<ap_fixed<32, 16, (ap_q_mode)5, (ap_o_mode)3, 0> >::operator()' into 'nnet::pooling2d_cl<nnet::array<ap_fixed<32, 16, (ap_q_mode)5, (ap_o_mode)3, 0>, 16u>, nnet::array<ap_fixed<32, 16, (ap_q_mode)5, (ap_o_mode)3, 0>, 16u>, config4>' (firmware/nnet_utils/nnet_common.h:43->firmware/nnet_utils/nnet_common.h:45->firmware/nnet_utils/nnet_pooling_stream.h:21->firmware/nnet_utils/nnet_pooling_stream.h:204->firmware/nnet_utils/nnet_pooling_stream.h:247->firmware/nnet_utils/nnet_pooling_stream.h:257).
INFO: [XFORM 203-603] Inlining function 'nnet::Op_max<ap_fixed<32, 16, (ap_q_mode)5, (ap_o_mode)3, 0> >::operator()' into 'nnet::pooling2d_cl<nnet::array<ap_fixed<32, 16, (ap_q_mode)5, (ap_o_mode)3, 0>, 16u>, nnet::array<ap_fixed<32, 16, (ap_q_mode)5, (ap_o_mode)3, 0>, 16u>, config4>' (firmware/nnet_utils/nnet_common.h:43->firmware/nnet_utils/nnet_common.h:45->firmware/nnet_utils/nnet_pooling_stream.h:21->firmware/nnet_utils/nnet_pooling_stream.h:204->firmware/nnet_utils/nnet_pooling_stream.h:247->firmware/nnet_utils/nnet_pooling_stream.h:257).
INFO: [XFORM 203-603] Inlining function 'nnet::fill_zero<nnet::array<ap_fixed<32, 16, (ap_q_mode)5, (ap_o_mode)3, 0>, 16u>, config14>' into 'nnet::zeropad2d_cl<nnet::array<ap_fixed<32, 16, (ap_q_mode)5, (ap_o_mode)3, 0>, 16u>, nnet::array<ap_fixed<32, 16, (ap_q_mode)5, (ap_o_mode)3, 0>, 16u>, config14>' (firmware/nnet_utils/nnet_padding_stream.h:78).
INFO: [XFORM 203-603] Inlining function 'nnet::fill_zero<nnet::array<ap_fixed<32, 16, (ap_q_mode)5, (ap_o_mode)3, 0>, 16u>, config14>' into 'nnet::zeropad2d_cl<nnet::array<ap_fixed<32, 16, (ap_q_mode)5, (ap_o_mode)3, 0>, 16u>, nnet::array<ap_fixed<32, 16, (ap_q_mode)5, (ap_o_mode)3, 0>, 16u>, config14>' (firmware/nnet_utils/nnet_padding_stream.h:70).
INFO: [XFORM 203-603] Inlining function 'nnet::fill_zero<nnet::array<ap_fixed<32, 16, (ap_q_mode)5, (ap_o_mode)3, 0>, 16u>, config14>' into 'nnet::zeropad2d_cl<nnet::array<ap_fixed<32, 16, (ap_q_mode)5, (ap_o_mode)3, 0>, 16u>, nnet::array<ap_fixed<32, 16, (ap_q_mode)5, (ap_o_mode)3, 0>, 16u>, config14>' (firmware/nnet_utils/nnet_padding_stream.h:62).
INFO: [XFORM 203-603] Inlining function 'nnet::fill_zero<nnet::array<ap_fixed<32, 16, (ap_q_mode)5, (ap_o_mode)3, 0>, 16u>, config14>' into 'nnet::zeropad2d_cl<nnet::array<ap_fixed<32, 16, (ap_q_mode)5, (ap_o_mode)3, 0>, 16u>, nnet::array<ap_fixed<32, 16, (ap_q_mode)5, (ap_o_mode)3, 0>, 16u>, config14>' (firmware/nnet_utils/nnet_padding_stream.h:54).
INFO: [XFORM 203-603] Inlining function 'nnet::fill_data<nnet::array<ap_fixed<32, 16, (ap_q_mode)5, (ap_o_mode)3, 0>, 16u>, nnet::array<ap_fixed<32, 16, (ap_q_mode)5, (ap_o_mode)3, 0>, 16u>, config14>' into 'nnet::zeropad2d_cl<nnet::array<ap_fixed<32, 16, (ap_q_mode)5, (ap_o_mode)3, 0>, 16u>, nnet::array<ap_fixed<32, 16, (ap_q_mode)5, (ap_o_mode)3, 0>, 16u>, config14>' (firmware/nnet_utils/nnet_padding_stream.h:66).
INFO: [XFORM 203-603] Inlining function 'nnet::kernel_shift_2d<nnet::array<ap_fixed<32, 16, (ap_q_mode)5, (ap_o_mode)3, 0>, 16u>, config5>' into 'nnet::shift_line_buffer<nnet::array<ap_fixed<32, 16, (ap_q_mode)5, (ap_o_mode)3, 0>, 16u>, config5>' (firmware/nnet_utils/nnet_conv_stream.h:252).
INFO: [XFORM 203-603] Inlining function 'nnet::array<ap_fixed<32, 16, (ap_q_mode)5, (ap_o_mode)3, 0>, 32u>::operator[]' into 'nnet::compute_output_buffer_2d<nnet::array<ap_fixed<32, 16, (ap_q_mode)5, (ap_o_mode)3, 0>, 16u>, nnet::array<ap_fixed<32, 16, (ap_q_mode)5, (ap_o_mode)3, 0>, 32u>, config5>' (firmware/nnet_utils/nnet_conv_stream.h:305).
INFO: [XFORM 203-603] Inlining function 'nnet::array<ap_fixed<32, 16, (ap_q_mode)5, (ap_o_mode)3, 0>, 32u>::operator[]' into 'nnet::compute_pool_buffer_2d<nnet::array<ap_fixed<32, 16, (ap_q_mode)5, (ap_o_mode)3, 0>, 32u>, nnet::array<ap_fixed<32, 16, (ap_q_mode)5, (ap_o_mode)3, 0>, 32u>, config7>' (firmware/nnet_utils/nnet_pooling_stream.h:203).
INFO: [XFORM 203-603] Inlining function 'nnet::array<ap_fixed<32, 16, (ap_q_mode)5, (ap_o_mode)3, 0>, 32u>::operator[]' into 'nnet::dense<nnet::array<ap_fixed<32, 16, (ap_q_mode)5, (ap_o_mode)3, 0>, 32u>, nnet::array<ap_fixed<32, 16, (ap_q_mode)5, (ap_o_mode)3, 0>, 128u>, config9>' (firmware/nnet_utils/nnet_dense_stream.h:44).
INFO: [XFORM 203-603] Inlining function 'nnet::array<ap_fixed<32, 16, (ap_q_mode)5, (ap_o_mode)3, 0>, 32u>::operator[]' into 'nnet::relu<nnet::array<ap_fixed<32, 16, (ap_q_mode)5, (ap_o_mode)3, 0>, 32u>, nnet::array<ap_fixed<32, 16, (ap_q_mode)5, (ap_o_mode)3, 0>, 32u>, relu_config6>' (firmware/nnet_utils/nnet_activation_stream.h:54).
INFO: [XFORM 203-603] Inlining function 'nnet::array<ap_fixed<32, 16, (ap_q_mode)5, (ap_o_mode)3, 0>, 32u>::operator[]' into 'nnet::relu<nnet::array<ap_fixed<32, 16, (ap_q_mode)5, (ap_o_mode)3, 0>, 32u>, nnet::array<ap_fixed<32, 16, (ap_q_mode)5, (ap_o_mode)3, 0>, 32u>, relu_config6>' (firmware/nnet_utils/nnet_activation_stream.h:52).
INFO: [XFORM 203-603] Inlining function 'nnet::array<ap_fixed<32, 16, (ap_q_mode)5, (ap_o_mode)3, 0>, 32u>::operator[]' into 'nnet::relu<nnet::array<ap_fixed<32, 16, (ap_q_mode)5, (ap_o_mode)3, 0>, 32u>, nnet::array<ap_fixed<32, 16, (ap_q_mode)5, (ap_o_mode)3, 0>, 32u>, relu_config6>' (firmware/nnet_utils/nnet_activation_stream.h:52).
INFO: [XFORM 203-603] Inlining function 'nnet::array<ap_fixed<32, 16, (ap_q_mode)5, (ap_o_mode)3, 0>, 32u>::operator[]' into 'nnet::relu<nnet::array<ap_fixed<32, 16, (ap_q_mode)5, (ap_o_mode)3, 0>, 32u>, nnet::array<ap_fixed<32, 16, (ap_q_mode)5, (ap_o_mode)3, 0>, 32u>, relu_config6>' (firmware/nnet_utils/nnet_activation_stream.h:51).
INFO: [XFORM 203-603] Inlining function 'nnet::conv_2d_buffer_cl<nnet::array<ap_fixed<32, 16, (ap_q_mode)5, (ap_o_mode)3, 0>, 16u>, nnet::array<ap_fixed<32, 16, (ap_q_mode)5, (ap_o_mode)3, 0>, 32u>, config5>' into 'nnet::conv_2d_cl<nnet::array<ap_fixed<32, 16, (ap_q_mode)5, (ap_o_mode)3, 0>, 16u>, nnet::array<ap_fixed<32, 16, (ap_q_mode)5, (ap_o_mode)3, 0>, 32u>, config5>' (firmware/nnet_utils/nnet_conv2d_stream.h:103).
INFO: [XFORM 203-603] Inlining function 'nnet::array<ap_fixed<32, 16, (ap_q_mode)5, (ap_o_mode)3, 0>, 32u>::operator[].1' into 'nnet::shift_line_buffer<nnet::array<ap_fixed<32, 16, (ap_q_mode)5, (ap_o_mode)3, 0>, 32u>, config7>' (firmware/nnet_utils/nnet_conv_stream.h:237).
INFO: [XFORM 203-603] Inlining function 'nnet::kernel_shift_2d<nnet::array<ap_fixed<32, 16, (ap_q_mode)5, (ap_o_mode)3, 0>, 32u>, config7>' into 'nnet::shift_line_buffer<nnet::array<ap_fixed<32, 16, (ap_q_mode)5, (ap_o_mode)3, 0>, 32u>, config7>' (firmware/nnet_utils/nnet_conv_stream.h:252).
INFO: [XFORM 203-603] Inlining function 'nnet::reduce_pool<ap_fixed<32, 16, (ap_q_mode)5, (ap_o_mode)3, 0>, 4, config7>' into 'nnet::compute_pool_buffer_2d<nnet::array<ap_fixed<32, 16, (ap_q_mode)5, (ap_o_mode)3, 0>, 32u>, nnet::array<ap_fixed<32, 16, (ap_q_mode)5, (ap_o_mode)3, 0>, 32u>, config7>' (firmware/nnet_utils/nnet_pooling_stream.h:204).
INFO: [XFORM 203-603] Inlining function 'nnet::compute_pool_buffer_2d<nnet::array<ap_fixed<32, 16, (ap_q_mode)5, (ap_o_mode)3, 0>, 32u>, nnet::array<ap_fixed<32, 16, (ap_q_mode)5, (ap_o_mode)3, 0>, 32u>, config7>' into 'nnet::pooling2d_buffer_cl<nnet::array<ap_fixed<32, 16, (ap_q_mode)5, (ap_o_mode)3, 0>, 32u>, nnet::array<ap_fixed<32, 16, (ap_q_mode)5, (ap_o_mode)3, 0>, 32u>, config7>' (firmware/nnet_utils/nnet_pooling_stream.h:247).
INFO: [XFORM 203-603] Inlining function 'nnet::pooling2d_buffer_cl<nnet::array<ap_fixed<32, 16, (ap_q_mode)5, (ap_o_mode)3, 0>, 32u>, nnet::array<ap_fixed<32, 16, (ap_q_mode)5, (ap_o_mode)3, 0>, 32u>, config7>' into 'nnet::pooling2d_cl<nnet::array<ap_fixed<32, 16, (ap_q_mode)5, (ap_o_mode)3, 0>, 32u>, nnet::array<ap_fixed<32, 16, (ap_q_mode)5, (ap_o_mode)3, 0>, 32u>, config7>' (firmware/nnet_utils/nnet_pooling_stream.h:257).
INFO: [XFORM 203-603] Inlining function 'nnet::shift_line_buffer<nnet::array<ap_fixed<32, 16, (ap_q_mode)5, (ap_o_mode)3, 0>, 32u>, config7>' into 'nnet::pooling2d_cl<nnet::array<ap_fixed<32, 16, (ap_q_mode)5, (ap_o_mode)3, 0>, 32u>, nnet::array<ap_fixed<32, 16, (ap_q_mode)5, (ap_o_mode)3, 0>, 32u>, config7>' (firmware/nnet_utils/nnet_pooling_stream.h:188->firmware/nnet_utils/nnet_pooling_stream.h:247->firmware/nnet_utils/nnet_pooling_stream.h:257).
INFO: [XFORM 203-603] Inlining function 'nnet::reduce<ap_fixed<32, 16, (ap_q_mode)5, (ap_o_mode)3, 0>, 4, nnet::Op_max<ap_fixed<32, 16, (ap_q_mode)5, (ap_o_mode)3, 0> > >' into 'nnet::pooling2d_cl<nnet::array<ap_fixed<32, 16, (ap_q_mode)5, (ap_o_mode)3, 0>, 32u>, nnet::array<ap_fixed<32, 16, (ap_q_mode)5, (ap_o_mode)3, 0>, 32u>, config7>' (firmware/nnet_utils/nnet_pooling_stream.h:21->firmware/nnet_utils/nnet_pooling_stream.h:204->firmware/nnet_utils/nnet_pooling_stream.h:247->firmware/nnet_utils/nnet_pooling_stream.h:257).
INFO: [XFORM 203-603] Inlining function 'nnet::reduce<ap_fixed<32, 16, (ap_q_mode)5, (ap_o_mode)3, 0>, 2, nnet::Op_max<ap_fixed<32, 16, (ap_q_mode)5, (ap_o_mode)3, 0> > >' into 'nnet::pooling2d_cl<nnet::array<ap_fixed<32, 16, (ap_q_mode)5, (ap_o_mode)3, 0>, 32u>, nnet::array<ap_fixed<32, 16, (ap_q_mode)5, (ap_o_mode)3, 0>, 32u>, config7>' (firmware/nnet_utils/nnet_common.h:45->firmware/nnet_utils/nnet_pooling_stream.h:21->firmware/nnet_utils/nnet_pooling_stream.h:204->firmware/nnet_utils/nnet_pooling_stream.h:247->firmware/nnet_utils/nnet_pooling_stream.h:257).
INFO: [XFORM 203-603] Inlining function 'nnet::reduce<ap_fixed<32, 16, (ap_q_mode)5, (ap_o_mode)3, 0>, 2, nnet::Op_max<ap_fixed<32, 16, (ap_q_mode)5, (ap_o_mode)3, 0> > >' into 'nnet::pooling2d_cl<nnet::array<ap_fixed<32, 16, (ap_q_mode)5, (ap_o_mode)3, 0>, 32u>, nnet::array<ap_fixed<32, 16, (ap_q_mode)5, (ap_o_mode)3, 0>, 32u>, config7>' (firmware/nnet_utils/nnet_common.h:45->firmware/nnet_utils/nnet_pooling_stream.h:21->firmware/nnet_utils/nnet_pooling_stream.h:204->firmware/nnet_utils/nnet_pooling_stream.h:247->firmware/nnet_utils/nnet_pooling_stream.h:257).
INFO: [XFORM 203-603] Inlining function 'nnet::Op_max<ap_fixed<32, 16, (ap_q_mode)5, (ap_o_mode)3, 0> >::operator()' into 'nnet::pooling2d_cl<nnet::array<ap_fixed<32, 16, (ap_q_mode)5, (ap_o_mode)3, 0>, 32u>, nnet::array<ap_fixed<32, 16, (ap_q_mode)5, (ap_o_mode)3, 0>, 32u>, config7>' (firmware/nnet_utils/nnet_common.h:45->firmware/nnet_utils/nnet_pooling_stream.h:21->firmware/nnet_utils/nnet_pooling_stream.h:204->firmware/nnet_utils/nnet_pooling_stream.h:247->firmware/nnet_utils/nnet_pooling_stream.h:257).
INFO: [XFORM 203-603] Inlining function 'nnet::Op_max<ap_fixed<32, 16, (ap_q_mode)5, (ap_o_mode)3, 0> >::operator()' into 'nnet::pooling2d_cl<nnet::array<ap_fixed<32, 16, (ap_q_mode)5, (ap_o_mode)3, 0>, 32u>, nnet::array<ap_fixed<32, 16, (ap_q_mode)5, (ap_o_mode)3, 0>, 32u>, config7>' (firmware/nnet_utils/nnet_common.h:43->firmware/nnet_utils/nnet_common.h:45->firmware/nnet_utils/nnet_pooling_stream.h:21->firmware/nnet_utils/nnet_pooling_stream.h:204->firmware/nnet_utils/nnet_pooling_stream.h:247->firmware/nnet_utils/nnet_pooling_stream.h:257).
INFO: [XFORM 203-603] Inlining function 'nnet::Op_max<ap_fixed<32, 16, (ap_q_mode)5, (ap_o_mode)3, 0> >::operator()' into 'nnet::pooling2d_cl<nnet::array<ap_fixed<32, 16, (ap_q_mode)5, (ap_o_mode)3, 0>, 32u>, nnet::array<ap_fixed<32, 16, (ap_q_mode)5, (ap_o_mode)3, 0>, 32u>, config7>' (firmware/nnet_utils/nnet_common.h:43->firmware/nnet_utils/nnet_common.h:45->firmware/nnet_utils/nnet_pooling_stream.h:21->firmware/nnet_utils/nnet_pooling_stream.h:204->firmware/nnet_utils/nnet_pooling_stream.h:247->firmware/nnet_utils/nnet_pooling_stream.h:257).
INFO: [XFORM 203-603] Inlining function 'nnet::dense_latency<ap_fixed<32, 16, (ap_q_mode)5, (ap_o_mode)3, 0>, ap_fixed<32, 16, (ap_q_mode)5, (ap_o_mode)3, 0>, config9>' into 'nnet::dense_wrapper<ap_fixed<32, 16, (ap_q_mode)5, (ap_o_mode)3, 0>, ap_fixed<32, 16, (ap_q_mode)5, (ap_o_mode)3, 0>, config9>' (firmware/nnet_utils/nnet_dense_stream.h:19).
INFO: [XFORM 203-603] Inlining function 'nnet::cast<ap_fixed<32, 16, (ap_q_mode)5, (ap_o_mode)3, 0>, ap_fixed<32, 16, (ap_q_mode)5, (ap_o_mode)3, 0>, config9>' into 'nnet::dense_wrapper<ap_fixed<32, 16, (ap_q_mode)5, (ap_o_mode)3, 0>, ap_fixed<32, 16, (ap_q_mode)5, (ap_o_mode)3, 0>, config9>' (firmware/nnet_utils/nnet_dense_latency.h:66->firmware/nnet_utils/nnet_dense_stream.h:19).
INFO: [XFORM 203-603] Inlining function 'nnet::array<ap_fixed<32, 16, (ap_q_mode)5, (ap_o_mode)3, 0>, 128u>::operator[]' into 'nnet::dense<nnet::array<ap_fixed<32, 16, (ap_q_mode)5, (ap_o_mode)3, 0>, 128u>, nnet::array<ap_fixed<32, 16, (ap_q_mode)5, (ap_o_mode)3, 0>, 10u>, config11>' (firmware/nnet_utils/nnet_dense_stream.h:44).
INFO: [XFORM 203-603] Inlining function 'nnet::array<ap_fixed<32, 16, (ap_q_mode)5, (ap_o_mode)3, 0>, 128u>::operator[]' into 'nnet::relu<nnet::array<ap_fixed<32, 16, (ap_q_mode)5, (ap_o_mode)3, 0>, 128u>, nnet::array<ap_fixed<32, 16, (ap_q_mode)5, (ap_o_mode)3, 0>, 128u>, relu_config10>' (firmware/nnet_utils/nnet_activation_stream.h:54).
INFO: [XFORM 203-603] Inlining function 'nnet::array<ap_fixed<32, 16, (ap_q_mode)5, (ap_o_mode)3, 0>, 128u>::operator[]' into 'nnet::relu<nnet::array<ap_fixed<32, 16, (ap_q_mode)5, (ap_o_mode)3, 0>, 128u>, nnet::array<ap_fixed<32, 16, (ap_q_mode)5, (ap_o_mode)3, 0>, 128u>, relu_config10>' (firmware/nnet_utils/nnet_activation_stream.h:52).
INFO: [XFORM 203-603] Inlining function 'nnet::array<ap_fixed<32, 16, (ap_q_mode)5, (ap_o_mode)3, 0>, 128u>::operator[]' into 'nnet::relu<nnet::array<ap_fixed<32, 16, (ap_q_mode)5, (ap_o_mode)3, 0>, 128u>, nnet::array<ap_fixed<32, 16, (ap_q_mode)5, (ap_o_mode)3, 0>, 128u>, relu_config10>' (firmware/nnet_utils/nnet_activation_stream.h:52).
INFO: [XFORM 203-603] Inlining function 'nnet::array<ap_fixed<32, 16, (ap_q_mode)5, (ap_o_mode)3, 0>, 128u>::operator[]' into 'nnet::relu<nnet::array<ap_fixed<32, 16, (ap_q_mode)5, (ap_o_mode)3, 0>, 128u>, nnet::array<ap_fixed<32, 16, (ap_q_mode)5, (ap_o_mode)3, 0>, 128u>, relu_config10>' (firmware/nnet_utils/nnet_activation_stream.h:51).
INFO: [XFORM 203-603] Inlining function 'nnet::array<ap_fixed<32, 16, (ap_q_mode)5, (ap_o_mode)3, 0>, 128u>::operator[]' into 'nnet::dense<nnet::array<ap_fixed<32, 16, (ap_q_mode)5, (ap_o_mode)3, 0>, 32u>, nnet::array<ap_fixed<32, 16, (ap_q_mode)5, (ap_o_mode)3, 0>, 128u>, config9>' (firmware/nnet_utils/nnet_dense_stream.h:60).
INFO: [XFORM 203-603] Inlining function 'nnet::dense_latency<ap_fixed<32, 16, (ap_q_mode)5, (ap_o_mode)3, 0>, ap_fixed<32, 16, (ap_q_mode)5, (ap_o_mode)3, 0>, config11>' into 'nnet::dense_wrapper<ap_fixed<32, 16, (ap_q_mode)5, (ap_o_mode)3, 0>, ap_fixed<32, 16, (ap_q_mode)5, (ap_o_mode)3, 0>, config11>' (firmware/nnet_utils/nnet_dense_stream.h:19).
INFO: [XFORM 203-603] Inlining function 'nnet::cast<ap_fixed<32, 16, (ap_q_mode)5, (ap_o_mode)3, 0>, ap_fixed<32, 16, (ap_q_mode)5, (ap_o_mode)3, 0>, config11>' into 'nnet::dense_wrapper<ap_fixed<32, 16, (ap_q_mode)5, (ap_o_mode)3, 0>, ap_fixed<32, 16, (ap_q_mode)5, (ap_o_mode)3, 0>, config11>' (firmware/nnet_utils/nnet_dense_latency.h:66->firmware/nnet_utils/nnet_dense_stream.h:19).
INFO: [XFORM 203-603] Inlining function 'nnet::array<ap_fixed<32, 16, (ap_q_mode)5, (ap_o_mode)3, 0>, 10u>::operator[]' into 'myproject_axi' (firmware/myproject_axi.cpp:33).
INFO: [XFORM 203-603] Inlining function 'nnet::array<ap_fixed<32, 16, (ap_q_mode)5, (ap_o_mode)3, 0>, 10u>::operator[]' into 'nnet::softmax_stable<nnet::array<ap_fixed<32, 16, (ap_q_mode)5, (ap_o_mode)3, 0>, 10u>, nnet::array<ap_fixed<32, 16, (ap_q_mode)5, (ap_o_mode)3, 0>, 10u>, softmax_config12>' (firmware/nnet_utils/nnet_activation_stream.h:244).
INFO: [XFORM 203-603] Inlining function 'nnet::array<ap_fixed<32, 16, (ap_q_mode)5, (ap_o_mode)3, 0>, 10u>::operator[]' into 'nnet::softmax_stable<nnet::array<ap_fixed<32, 16, (ap_q_mode)5, (ap_o_mode)3, 0>, 10u>, nnet::array<ap_fixed<32, 16, (ap_q_mode)5, (ap_o_mode)3, 0>, 10u>, softmax_config12>' (firmware/nnet_utils/nnet_activation_stream.h:203).
INFO: [XFORM 203-603] Inlining function 'nnet::array<ap_fixed<32, 16, (ap_q_mode)5, (ap_o_mode)3, 0>, 10u>::operator[]' into 'nnet::dense<nnet::array<ap_fixed<32, 16, (ap_q_mode)5, (ap_o_mode)3, 0>, 128u>, nnet::array<ap_fixed<32, 16, (ap_q_mode)5, (ap_o_mode)3, 0>, 10u>, config11>' (firmware/nnet_utils/nnet_dense_stream.h:60).
INFO: [HLS 200-111] Finished Standard Transforms Time (s): cpu = 00:30:28 ; elapsed = 00:31:06 . Memory (MB): peak = 1916.988 ; gain = 1396.949 ; free physical = 6192 ; free virtual = 99738
INFO: [HLS 200-10] Checking synthesizability ...
INFO: [XFORM 203-602] Inlining function 'nnet::cast<ap_fixed<32, 16, (ap_q_mode)5, (ap_o_mode)3, 0>, ap_fixed<32, 16, (ap_q_mode)5, (ap_o_mode)3, 0>, config2_mult>' into 'nnet::dense_latency<ap_fixed<32, 16, (ap_q_mode)5, (ap_o_mode)3, 0>, ap_fixed<32, 16, (ap_q_mode)5, (ap_o_mode)3, 0>, config2_mult>' (firmware/nnet_utils/nnet_dense_latency.h:66) automatically.
INFO: [XFORM 203-602] Inlining function 'nnet::cast<ap_fixed<32, 16, (ap_q_mode)5, (ap_o_mode)3, 0>, ap_fixed<32, 16, (ap_q_mode)5, (ap_o_mode)3, 0>, config5_mult>' into 'nnet::dense_latency<ap_fixed<32, 16, (ap_q_mode)5, (ap_o_mode)3, 0>, ap_fixed<32, 16, (ap_q_mode)5, (ap_o_mode)3, 0>, config5_mult>' (firmware/nnet_utils/nnet_dense_latency.h:66) automatically.
INFO: [XFORM 203-602] Inlining function 'std::exp' into 'nnet::exp_fcn_float' (firmware/nnet_utils/nnet_activation.h:131) automatically.
INFO: [XFORM 203-602] Inlining function 'nnet::exp_fcn_float' into 'nnet::init_exp_table<ap_fixed<32, 16, (ap_q_mode)5, (ap_o_mode)3, 0>, softmax_config12>' (firmware/nnet_utils/nnet_activation.h:154) automatically.
INFO: [XFORM 203-602] Inlining function 'nnet::Op_max<ap_fixed<32, 16, (ap_q_mode)5, (ap_o_mode)3, 0> >::operator()' into 'nnet::reduce<ap_fixed<32, 16, (ap_q_mode)5, (ap_o_mode)3, 0>, 2, nnet::Op_max<ap_fixed<32, 16, (ap_q_mode)5, (ap_o_mode)3, 0> > >' (firmware/nnet_utils/nnet_common.h:43) automatically.
INFO: [XFORM 203-602] Inlining function 'nnet::reduce<ap_fixed<32, 16, (ap_q_mode)5, (ap_o_mode)3, 0>, 2, nnet::Op_max<ap_fixed<32, 16, (ap_q_mode)5, (ap_o_mode)3, 0> > >' into 'nnet::reduce<ap_fixed<32, 16, (ap_q_mode)5, (ap_o_mode)3, 0>, 4, nnet::Op_max<ap_fixed<32, 16, (ap_q_mode)5, (ap_o_mode)3, 0> > >' (firmware/nnet_utils/nnet_common.h:45) automatically.
INFO: [XFORM 203-602] Inlining function 'nnet::Op_max<ap_fixed<32, 16, (ap_q_mode)5, (ap_o_mode)3, 0> >::operator()' into 'nnet::reduce<ap_fixed<32, 16, (ap_q_mode)5, (ap_o_mode)3, 0>, 4, nnet::Op_max<ap_fixed<32, 16, (ap_q_mode)5, (ap_o_mode)3, 0> > >' (firmware/nnet_utils/nnet_common.h:45) automatically.
INFO: [XFORM 203-602] Inlining function 'nnet::Op_max<ap_fixed<32, 16, (ap_q_mode)5, (ap_o_mode)3, 0> >::operator()' into 'nnet::reduce<ap_fixed<32, 16, (ap_q_mode)5, (ap_o_mode)3, 0>, 8, nnet::Op_max<ap_fixed<32, 16, (ap_q_mode)5, (ap_o_mode)3, 0> > >' (firmware/nnet_utils/nnet_common.h:45) automatically.
INFO: [XFORM 203-602] Inlining function 'nnet::reduce<ap_fixed<32, 16, (ap_q_mode)5, (ap_o_mode)3, 0>, 8, nnet::Op_max<ap_fixed<32, 16, (ap_q_mode)5, (ap_o_mode)3, 0> > >' into 'nnet::reduce<ap_fixed<32, 16, (ap_q_mode)5, (ap_o_mode)3, 0>, 10, nnet::Op_max<ap_fixed<32, 16, (ap_q_mode)5, (ap_o_mode)3, 0> > >' (firmware/nnet_utils/nnet_common.h:45) automatically.
INFO: [XFORM 203-602] Inlining function 'nnet::reduce<ap_fixed<32, 16, (ap_q_mode)5, (ap_o_mode)3, 0>, 2, nnet::Op_max<ap_fixed<32, 16, (ap_q_mode)5, (ap_o_mode)3, 0> > >' into 'nnet::reduce<ap_fixed<32, 16, (ap_q_mode)5, (ap_o_mode)3, 0>, 10, nnet::Op_max<ap_fixed<32, 16, (ap_q_mode)5, (ap_o_mode)3, 0> > >' (firmware/nnet_utils/nnet_common.h:45) automatically.
INFO: [XFORM 203-602] Inlining function 'nnet::Op_max<ap_fixed<32, 16, (ap_q_mode)5, (ap_o_mode)3, 0> >::operator()' into 'nnet::reduce<ap_fixed<32, 16, (ap_q_mode)5, (ap_o_mode)3, 0>, 10, nnet::Op_max<ap_fixed<32, 16, (ap_q_mode)5, (ap_o_mode)3, 0> > >' (firmware/nnet_utils/nnet_common.h:45) automatically.
INFO: [XFORM 203-602] Inlining function 'nnet::reduce<ap_fixed<18, 8, (ap_q_mode)0, (ap_o_mode)0, 0>, 2, nnet::Op_add<ap_fixed<18, 8, (ap_q_mode)0, (ap_o_mode)0, 0> > >' into 'nnet::reduce<ap_fixed<18, 8, (ap_q_mode)0, (ap_o_mode)0, 0>, 4, nnet::Op_add<ap_fixed<18, 8, (ap_q_mode)0, (ap_o_mode)0, 0> > >' (firmware/nnet_utils/nnet_common.h:45) automatically.
INFO: [XFORM 203-602] Inlining function 'nnet::reduce<ap_fixed<18, 8, (ap_q_mode)0, (ap_o_mode)0, 0>, 4, nnet::Op_add<ap_fixed<18, 8, (ap_q_mode)0, (ap_o_mode)0, 0> > >' into 'nnet::reduce<ap_fixed<18, 8, (ap_q_mode)0, (ap_o_mode)0, 0>, 8, nnet::Op_add<ap_fixed<18, 8, (ap_q_mode)0, (ap_o_mode)0, 0> > >' (firmware/nnet_utils/nnet_common.h:45) automatically.
INFO: [XFORM 203-602] Inlining function 'nnet::reduce<ap_fixed<18, 8, (ap_q_mode)0, (ap_o_mode)0, 0>, 8, nnet::Op_add<ap_fixed<18, 8, (ap_q_mode)0, (ap_o_mode)0, 0> > >' into 'nnet::reduce<ap_fixed<18, 8, (ap_q_mode)0, (ap_o_mode)0, 0>, 10, nnet::Op_add<ap_fixed<18, 8, (ap_q_mode)0, (ap_o_mode)0, 0> > >' (firmware/nnet_utils/nnet_common.h:45) automatically.
INFO: [XFORM 203-602] Inlining function 'nnet::reduce<ap_fixed<18, 8, (ap_q_mode)0, (ap_o_mode)0, 0>, 2, nnet::Op_add<ap_fixed<18, 8, (ap_q_mode)0, (ap_o_mode)0, 0> > >' into 'nnet::reduce<ap_fixed<18, 8, (ap_q_mode)0, (ap_o_mode)0, 0>, 10, nnet::Op_add<ap_fixed<18, 8, (ap_q_mode)0, (ap_o_mode)0, 0> > >' (firmware/nnet_utils/nnet_common.h:45) automatically.
INFO: [XFORM 203-602] Inlining function 'nnet::reduce<ap_fixed<32, 16, (ap_q_mode)5, (ap_o_mode)3, 0>, 10, nnet::Op_max<ap_fixed<32, 16, (ap_q_mode)5, (ap_o_mode)3, 0> > >' into 'nnet::softmax_stable<nnet::array<ap_fixed<32, 16, (ap_q_mode)5, (ap_o_mode)3, 0>, 10u>, nnet::array<ap_fixed<32, 16, (ap_q_mode)5, (ap_o_mode)3, 0>, 10u>, softmax_config12>' (firmware/nnet_utils/nnet_activation_stream.h:209) automatically.
INFO: [XFORM 203-602] Inlining function 'nnet::softmax_idx_from_real_val<ap_fixed<32, 16, (ap_q_mode)5, (ap_o_mode)3, 0>, softmax_config12>' into 'nnet::softmax_stable<nnet::array<ap_fixed<32, 16, (ap_q_mode)5, (ap_o_mode)3, 0>, 10u>, nnet::array<ap_fixed<32, 16, (ap_q_mode)5, (ap_o_mode)3, 0>, 10u>, softmax_config12>' (firmware/nnet_utils/nnet_activation_stream.h:224) automatically.
INFO: [XFORM 203-602] Inlining function 'nnet::reduce<ap_fixed<18, 8, (ap_q_mode)0, (ap_o_mode)0, 0>, 10, nnet::Op_add<ap_fixed<18, 8, (ap_q_mode)0, (ap_o_mode)0, 0> > >' into 'nnet::softmax_stable<nnet::array<ap_fixed<32, 16, (ap_q_mode)5, (ap_o_mode)3, 0>, 10u>, nnet::array<ap_fixed<32, 16, (ap_q_mode)5, (ap_o_mode)3, 0>, 10u>, softmax_config12>' (firmware/nnet_utils/nnet_activation_stream.h:232) automatically.
INFO: [XFORM 203-602] Inlining function 'nnet::softmax_idx_from_real_val<ap_fixed<18, 8, (ap_q_mode)0, (ap_o_mode)0, 0>, softmax_config12>' into 'nnet::softmax_stable<nnet::array<ap_fixed<32, 16, (ap_q_mode)5, (ap_o_mode)3, 0>, 10u>, nnet::array<ap_fixed<32, 16, (ap_q_mode)5, (ap_o_mode)3, 0>, 10u>, softmax_config12>' (firmware/nnet_utils/nnet_activation_stream.h:235) automatically.
WARNING: [SYNCHK 200-23] firmware/nnet_utils/nnet_activation.h:138: variable-indexed range selection may cause suboptimal QoR.
INFO: [SYNCHK 200-10] 0 error(s), 1 warning(s).
INFO: [HLS 200-111] Finished Checking Synthesizability Time (s): cpu = 00:30:46 ; elapsed = 00:31:25 . Memory (MB): peak = 1916.988 ; gain = 1396.949 ; free physical = 6194 ; free virtual = 99739
WARNING: [XFORM 203-803] Cannot specify interface mode 'axis' on argument 'data.V.data.V' . This interface directive will be discarded. Please apply it on an argument of top module.
WARNING: [XFORM 203-803] Cannot specify interface mode 'axis' on argument 'res.V.data.V' . This interface directive will be discarded. Please apply it on an argument of top module.
WARNING: [XFORM 203-803] Cannot specify interface mode 'axis' on argument 'res.V.data.V' . This interface directive will be discarded. Please apply it on an argument of top module.
WARNING: [XFORM 203-803] Cannot specify interface mode 'axis' (firmware/myproject.cpp:12:1) on argument 'input_3.V.data.V' (firmware/myproject.cpp:7). This interface directive will be discarded. Please apply it on an argument of top module.
WARNING: [XFORM 203-803] Cannot specify interface mode 'axis' (firmware/myproject.cpp:12:94) on argument 'layer12_out.V.data.V' (firmware/myproject.cpp:8). This interface directive will be discarded. Please apply it on an argument of top module.
WARNING: [XFORM 203-1103] Ignored data pack directive on non-struct variable 'out.data' (firmware/myproject_axi.cpp:3).
WARNING: [XFORM 203-1103] Ignored data pack directive on non-struct variable 'in.data' (firmware/myproject_axi.cpp:3).
INFO: [XFORM 203-1101] Packing variable 'out_pack.data.V' (firmware/nnet_utils/nnet_activation_stream.h:237) into a 320-bit variable.
INFO: [XFORM 203-1101] Packing variable 'out_data.data.V' (firmware/nnet_utils/nnet_activation_stream.h:45) into a 1024-bit variable.
INFO: [XFORM 203-1101] Packing variable 'out_data.data.V' (firmware/nnet_utils/nnet_activation_stream.h:45) into a 512-bit variable.
INFO: [XFORM 203-1101] Packing variable 'out_data.data.V' (firmware/nnet_utils/nnet_activation_stream.h:45) into a 4096-bit variable.
INFO: [XFORM 203-1101] Packing variable 'res_pack.data.V' (firmware/nnet_utils/nnet_pooling_stream.h:184) into a 1024-bit variable.
INFO: [XFORM 203-1101] Packing variable 'res_pack.data.V' (firmware/nnet_utils/nnet_pooling_stream.h:184) into a 512-bit variable.
INFO: [XFORM 203-1101] Packing variable 'res_pack.data.V' (firmware/nnet_utils/nnet_dense_stream.h:55) into a 4096-bit variable.
INFO: [XFORM 203-1101] Packing variable 'res_pack.data.V' (firmware/nnet_utils/nnet_dense_stream.h:55) into a 320-bit variable.
INFO: [XFORM 203-1101] Packing variable 'ctype.data.V' (firmware/myproject_axi.cpp:18) into a 32-bit variable.
INFO: [XFORM 203-1101] Packing variable 'res_pack.data.V' (firmware/nnet_utils/nnet_conv_stream.h:282) into a 1024-bit variable.
INFO: [XFORM 203-1101] Packing variable 'res_pack.data.V' (firmware/nnet_utils/nnet_conv_stream.h:282) into a 512-bit variable.
WARNING: [XFORM 203-505] Ignore pipeline pragma in Loop whose tripcount is only 1 (firmware/nnet_utils/nnet_conv_stream.h:195) in function 'nnet::pooling2d_cl<nnet::array<ap_fixed<32, 16, (ap_q_mode)5, (ap_o_mode)3, 0>, 32u>, nnet::array<ap_fixed<32, 16, (ap_q_mode)5, (ap_o_mode)3, 0>, 32u>, config7>'.
WARNING: [XFORM 203-505] Ignore pipeline pragma in Loop whose tripcount is only 1 (firmware/nnet_utils/nnet_conv_stream.h:195) in function 'nnet::pooling2d_cl<nnet::array<ap_fixed<32, 16, (ap_q_mode)5, (ap_o_mode)3, 0>, 16u>, nnet::array<ap_fixed<32, 16, (ap_q_mode)5, (ap_o_mode)3, 0>, 16u>, config4>'.
INFO: [XFORM 203-502] Unrolling all loops for pipelining in function 'nnet::softmax_stable<nnet::array<ap_fixed<32, 16, (ap_q_mode)5, (ap_o_mode)3, 0>, 10u>, nnet::array<ap_fixed<32, 16, (ap_q_mode)5, (ap_o_mode)3, 0>, 10u>, softmax_config12>' (firmware/nnet_utils/nnet_activation_stream.h:184:47).
INFO: [XFORM 203-502] Unrolling all sub-loops inside loop 'ReLUActLoop' (firmware/nnet_utils/nnet_activation_stream.h:41) in function 'nnet::relu<nnet::array<ap_fixed<32, 16, (ap_q_mode)5, (ap_o_mode)3, 0>, 32u>, nnet::array<ap_fixed<32, 16, (ap_q_mode)5, (ap_o_mode)3, 0>, 32u>, relu_config6>' for pipelining.
INFO: [XFORM 203-502] Unrolling all sub-loops inside loop 'ReLUActLoop' (firmware/nnet_utils/nnet_activation_stream.h:41) in function 'nnet::relu<nnet::array<ap_fixed<32, 16, (ap_q_mode)5, (ap_o_mode)3, 0>, 16u>, nnet::array<ap_fixed<32, 16, (ap_q_mode)5, (ap_o_mode)3, 0>, 16u>, relu_config3>' for pipelining.
INFO: [XFORM 203-502] Unrolling all loops for pipelining in function 'nnet::relu<nnet::array<ap_fixed<32, 16, (ap_q_mode)5, (ap_o_mode)3, 0>, 128u>, nnet::array<ap_fixed<32, 16, (ap_q_mode)5, (ap_o_mode)3, 0>, 128u>, relu_config10>' (firmware/nnet_utils/nnet_activation_stream.h:41:42).
INFO: [XFORM 203-502] Unrolling all sub-loops inside loop 'ReadInputWidth' (firmware/nnet_utils/nnet_pooling_stream.h:243) in function 'nnet::pooling2d_cl<nnet::array<ap_fixed<32, 16, (ap_q_mode)5, (ap_o_mode)3, 0>, 32u>, nnet::array<ap_fixed<32, 16, (ap_q_mode)5, (ap_o_mode)3, 0>, 32u>, config7>' for pipelining.
WARNING: [XFORM 203-505] Ignored pipeline directive for loop 'FiltLoop' (firmware/nnet_utils/nnet_pooling_stream.h:193) because its parent loop or function is pipelined.
INFO: [XFORM 203-502] Unrolling all sub-loops inside loop 'ReadInputWidth' (firmware/nnet_utils/nnet_pooling_stream.h:243) in function 'nnet::pooling2d_cl<nnet::array<ap_fixed<32, 16, (ap_q_mode)5, (ap_o_mode)3, 0>, 16u>, nnet::array<ap_fixed<32, 16, (ap_q_mode)5, (ap_o_mode)3, 0>, 16u>, config4>' for pipelining.
WARNING: [XFORM 203-505] Ignored pipeline directive for loop 'FiltLoop' (firmware/nnet_utils/nnet_pooling_stream.h:193) because its parent loop or function is pipelined.
INFO: [XFORM 203-502] Unrolling all sub-loops inside loop 'DataPrepare' (firmware/nnet_utils/nnet_dense_stream.h:36) in function 'nnet::dense<nnet::array<ap_fixed<32, 16, (ap_q_mode)5, (ap_o_mode)3, 0>, 32u>, nnet::array<ap_fixed<32, 16, (ap_q_mode)5, (ap_o_mode)3, 0>, 128u>, config9>' for pipelining.
INFO: [XFORM 203-502] Unrolling small iteration loop 'Loop-1.1' (firmware/myproject_axi.cpp:20) in function 'myproject_axi' automatically.
INFO: [XFORM 203-502] Unrolling all loops for pipelining in function 'nnet::init_exp_table<ap_fixed<32, 16, (ap_q_mode)5, (ap_o_mode)3, 0>, softmax_config12>' (firmware/nnet_utils/nnet_activation.h:151:48).
INFO: [XFORM 203-502] Unrolling all loops for pipelining in function 'nnet::dense_wrapper<ap_fixed<32, 16, (ap_q_mode)5, (ap_o_mode)3, 0>, ap_fixed<32, 16, (ap_q_mode)5, (ap_o_mode)3, 0>, config11>' (firmware/nnet_utils/nnet_dense_latency.h:17:48).
INFO: [XFORM 203-502] Unrolling all loops for pipelining in function 'nnet::dense_wrapper<ap_fixed<32, 16, (ap_q_mode)5, (ap_o_mode)3, 0>, ap_fixed<32, 16, (ap_q_mode)5, (ap_o_mode)3, 0>, config9>' (firmware/nnet_utils/nnet_dense_latency.h:17:48).
INFO: [XFORM 203-502] Unrolling all loops for pipelining in function 'nnet::compute_output_buffer_2d<nnet::array<ap_fixed<32, 16, (ap_q_mode)5, (ap_o_mode)3, 0>, 16u>, nnet::array<ap_fixed<32, 16, (ap_q_mode)5, (ap_o_mode)3, 0>, 32u>, config5>' (firmware/nnet_utils/nnet_conv_stream.h:263:5).
INFO: [XFORM 203-502] Unrolling all loops for pipelining in function 'nnet::dense_latency<ap_fixed<32, 16, (ap_q_mode)5, (ap_o_mode)3, 0>, ap_fixed<32, 16, (ap_q_mode)5, (ap_o_mode)3, 0>, config5_mult>' (firmware/nnet_utils/nnet_dense_latency.h:17:48).
INFO: [XFORM 203-502] Unrolling all loops for pipelining in function 'nnet::shift_line_buffer<nnet::array<ap_fixed<32, 16, (ap_q_mode)5, (ap_o_mode)3, 0>, 16u>, config5>' (firmware/nnet_utils/nnet_conv_stream.h:194:62).
WARNING: [XFORM 203-505] Ignored pipeline directive for loop 'KernelShiftWidth' (firmware/nnet_utils/nnet_conv_stream.h:194) because its parent loop or function is pipelined.
INFO: [XFORM 203-502] Unrolling all loops for pipelining in function 'nnet::compute_output_buffer_2d<nnet::array<ap_fixed<32, 16, (ap_q_mode)5, (ap_o_mode)3, 0>, 1u>, nnet::array<ap_fixed<32, 16, (ap_q_mode)5, (ap_o_mode)3, 0>, 16u>, config2>' (firmware/nnet_utils/nnet_conv_stream.h:263:5).
INFO: [XFORM 203-502] Unrolling all loops for pipelining in function 'nnet::dense_latency<ap_fixed<32, 16, (ap_q_mode)5, (ap_o_mode)3, 0>, ap_fixed<32, 16, (ap_q_mode)5, (ap_o_mode)3, 0>, config2_mult>' (firmware/nnet_utils/nnet_dense_latency.h:17:48).
INFO: [XFORM 203-502] Unrolling all loops for pipelining in function 'nnet::shift_line_buffer<nnet::array<ap_fixed<32, 16, (ap_q_mode)5, (ap_o_mode)3, 0>, 1u>, config2>' (firmware/nnet_utils/nnet_conv_stream.h:194:63).
WARNING: [XFORM 203-505] Ignored pipeline directive for loop 'KernelShiftWidth' (firmware/nnet_utils/nnet_conv_stream.h:194) because its parent loop or function is pipelined.
INFO: [HLS 200-489] Unrolling loop 'Loop-1.1.1' (firmware/nnet_utils/nnet_padding_stream.h:11) in function 'nnet::zeropad2d_cl<nnet::array<ap_fixed<32, 16, (ap_q_mode)5, (ap_o_mode)3, 0>, 16u>, nnet::array<ap_fixed<32, 16, (ap_q_mode)5, (ap_o_mode)3, 0>, 16u>, config14>' completely with a factor of 16.
INFO: [HLS 200-489] Unrolling loop 'Loop-2.1.1' (firmware/nnet_utils/nnet_padding_stream.h:11) in function 'nnet::zeropad2d_cl<nnet::array<ap_fixed<32, 16, (ap_q_mode)5, (ap_o_mode)3, 0>, 16u>, nnet::array<ap_fixed<32, 16, (ap_q_mode)5, (ap_o_mode)3, 0>, 16u>, config14>' completely with a factor of 16.
INFO: [HLS 200-489] Unrolling loop 'Loop-2.2.1' (firmware/nnet_utils/nnet_padding_stream.h:22) in function 'nnet::zeropad2d_cl<nnet::array<ap_fixed<32, 16, (ap_q_mode)5, (ap_o_mode)3, 0>, 16u>, nnet::array<ap_fixed<32, 16, (ap_q_mode)5, (ap_o_mode)3, 0>, 16u>, config14>' completely with a factor of 16.
INFO: [HLS 200-489] Unrolling loop 'Loop-2.3.1' (firmware/nnet_utils/nnet_padding_stream.h:11) in function 'nnet::zeropad2d_cl<nnet::array<ap_fixed<32, 16, (ap_q_mode)5, (ap_o_mode)3, 0>, 16u>, nnet::array<ap_fixed<32, 16, (ap_q_mode)5, (ap_o_mode)3, 0>, 16u>, config14>' completely with a factor of 16.
INFO: [HLS 200-489] Unrolling loop 'Loop-3.1.1' (firmware/nnet_utils/nnet_padding_stream.h:11) in function 'nnet::zeropad2d_cl<nnet::array<ap_fixed<32, 16, (ap_q_mode)5, (ap_o_mode)3, 0>, 16u>, nnet::array<ap_fixed<32, 16, (ap_q_mode)5, (ap_o_mode)3, 0>, 16u>, config14>' completely with a factor of 16.
INFO: [HLS 200-489] Unrolling loop 'SoftmaxArrayPackLoop' (firmware/nnet_utils/nnet_activation_stream.h:201) in function 'nnet::softmax_stable<nnet::array<ap_fixed<32, 16, (ap_q_mode)5, (ap_o_mode)3, 0>, 10u>, nnet::array<ap_fixed<32, 16, (ap_q_mode)5, (ap_o_mode)3, 0>, 10u>, softmax_config12>' completely with a factor of 10.
INFO: [HLS 200-489] Unrolling loop 'Loop-2' (firmware/nnet_utils/nnet_activation_stream.h:213) in function 'nnet::softmax_stable<nnet::array<ap_fixed<32, 16, (ap_q_mode)5, (ap_o_mode)3, 0>, 10u>, nnet::array<ap_fixed<32, 16, (ap_q_mode)5, (ap_o_mode)3, 0>, 10u>, softmax_config12>' completely with a factor of 10.
INFO: [HLS 200-489] Unrolling loop 'Loop-3' (firmware/nnet_utils/nnet_activation_stream.h:222) in function 'nnet::softmax_stable<nnet::array<ap_fixed<32, 16, (ap_q_mode)5, (ap_o_mode)3, 0>, 10u>, nnet::array<ap_fixed<32, 16, (ap_q_mode)5, (ap_o_mode)3, 0>, 10u>, softmax_config12>' completely with a factor of 10.
INFO: [HLS 200-489] Unrolling loop 'SoftmaxInvPackLoop' (firmware/nnet_utils/nnet_activation_stream.h:241) in function 'nnet::softmax_stable<nnet::array<ap_fixed<32, 16, (ap_q_mode)5, (ap_o_mode)3, 0>, 10u>, nnet::array<ap_fixed<32, 16, (ap_q_mode)5, (ap_o_mode)3, 0>, 10u>, softmax_config12>' completely with a factor of 10.
INFO: [HLS 200-489] Unrolling loop 'ReLUPackLoop' (firmware/nnet_utils/nnet_activation_stream.h:49) in function 'nnet::relu<nnet::array<ap_fixed<32, 16, (ap_q_mode)5, (ap_o_mode)3, 0>, 32u>, nnet::array<ap_fixed<32, 16, (ap_q_mode)5, (ap_o_mode)3, 0>, 32u>, relu_config6>' completely with a factor of 32.
INFO: [HLS 200-489] Unrolling loop 'ReLUPackLoop' (firmware/nnet_utils/nnet_activation_stream.h:49) in function 'nnet::relu<nnet::array<ap_fixed<32, 16, (ap_q_mode)5, (ap_o_mode)3, 0>, 16u>, nnet::array<ap_fixed<32, 16, (ap_q_mode)5, (ap_o_mode)3, 0>, 16u>, relu_config3>' completely with a factor of 16.
INFO: [HLS 200-489] Unrolling loop 'ReLUPackLoop' (firmware/nnet_utils/nnet_activation_stream.h:49) in function 'nnet::relu<nnet::array<ap_fixed<32, 16, (ap_q_mode)5, (ap_o_mode)3, 0>, 128u>, nnet::array<ap_fixed<32, 16, (ap_q_mode)5, (ap_o_mode)3, 0>, 128u>, relu_config10>' completely with a factor of 128.
INFO: [HLS 200-489] Unrolling loop 'Loop-1.1.1' (firmware/nnet_utils/nnet_pooling_stream.h:181) in function 'nnet::pooling2d_cl<nnet::array<ap_fixed<32, 16, (ap_q_mode)5, (ap_o_mode)3, 0>, 32u>, nnet::array<ap_fixed<32, 16, (ap_q_mode)5, (ap_o_mode)3, 0>, 32u>, config7>' completely with a factor of 127.
INFO: [HLS 200-489] Unrolling loop 'UpdateBuffer' (firmware/nnet_utils/nnet_conv_stream.h:233) in function 'nnet::pooling2d_cl<nnet::array<ap_fixed<32, 16, (ap_q_mode)5, (ap_o_mode)3, 0>, 32u>, nnet::array<ap_fixed<32, 16, (ap_q_mode)5, (ap_o_mode)3, 0>, 32u>, config7>' completely with a factor of 32.
INFO: [HLS 200-489] Unrolling loop 'LineBufferDataIn' (firmware/nnet_utils/nnet_conv_stream.h:241) in function 'nnet::pooling2d_cl<nnet::array<ap_fixed<32, 16, (ap_q_mode)5, (ap_o_mode)3, 0>, 32u>, nnet::array<ap_fixed<32, 16, (ap_q_mode)5, (ap_o_mode)3, 0>, 32u>, config7>' completely with a factor of 32.
INFO: [HLS 200-489] Unrolling loop 'KernelShiftWidth' (firmware/nnet_utils/nnet_conv_stream.h:194) in function 'nnet::pooling2d_cl<nnet::array<ap_fixed<32, 16, (ap_q_mode)5, (ap_o_mode)3, 0>, 32u>, nnet::array<ap_fixed<32, 16, (ap_q_mode)5, (ap_o_mode)3, 0>, 32u>, config7>' completely with a factor of 1.
INFO: [HLS 200-489] Unrolling loop 'KernelShiftHeight' (firmware/nnet_utils/nnet_conv_stream.h:197) in function 'nnet::pooling2d_cl<nnet::array<ap_fixed<32, 16, (ap_q_mode)5, (ap_o_mode)3, 0>, 32u>, nnet::array<ap_fixed<32, 16, (ap_q_mode)5, (ap_o_mode)3, 0>, 32u>, config7>' completely with a factor of 2.
INFO: [HLS 200-489] Unrolling loop 'KernelShiftChannel' (firmware/nnet_utils/nnet_conv_stream.h:199) in function 'nnet::pooling2d_cl<nnet::array<ap_fixed<32, 16, (ap_q_mode)5, (ap_o_mode)3, 0>, 32u>, nnet::array<ap_fixed<32, 16, (ap_q_mode)5, (ap_o_mode)3, 0>, 32u>, config7>' completely with a factor of 32.
INFO: [HLS 200-489] Unrolling loop 'KernelPushHeight' (firmware/nnet_utils/nnet_conv_stream.h:210) in function 'nnet::pooling2d_cl<nnet::array<ap_fixed<32, 16, (ap_q_mode)5, (ap_o_mode)3, 0>, 32u>, nnet::array<ap_fixed<32, 16, (ap_q_mode)5, (ap_o_mode)3, 0>, 32u>, config7>' completely with a factor of 2.
INFO: [HLS 200-489] Unrolling loop 'KernelPushChannel' (firmware/nnet_utils/nnet_conv_stream.h:213) in function 'nnet::pooling2d_cl<nnet::array<ap_fixed<32, 16, (ap_q_mode)5, (ap_o_mode)3, 0>, 32u>, nnet::array<ap_fixed<32, 16, (ap_q_mode)5, (ap_o_mode)3, 0>, 32u>, config7>' completely with a factor of 32.
INFO: [HLS 200-489] Unrolling loop 'FiltLoop' (firmware/nnet_utils/nnet_pooling_stream.h:193) in function 'nnet::pooling2d_cl<nnet::array<ap_fixed<32, 16, (ap_q_mode)5, (ap_o_mode)3, 0>, 32u>, nnet::array<ap_fixed<32, 16, (ap_q_mode)5, (ap_o_mode)3, 0>, 32u>, config7>' completely with a factor of 32.
INFO: [HLS 200-489] Unrolling loop 'PoolLoop' (firmware/nnet_utils/nnet_pooling_stream.h:198) in function 'nnet::pooling2d_cl<nnet::array<ap_fixed<32, 16, (ap_q_mode)5, (ap_o_mode)3, 0>, 32u>, nnet::array<ap_fixed<32, 16, (ap_q_mode)5, (ap_o_mode)3, 0>, 32u>, config7>' completely with a factor of 4.
INFO: [HLS 200-489] Unrolling loop 'UpdateBuffer' (firmware/nnet_utils/nnet_conv_stream.h:233) in function 'nnet::pooling2d_cl<nnet::array<ap_fixed<32, 16, (ap_q_mode)5, (ap_o_mode)3, 0>, 16u>, nnet::array<ap_fixed<32, 16, (ap_q_mode)5, (ap_o_mode)3, 0>, 16u>, config4>' completely with a factor of 16.
INFO: [HLS 200-489] Unrolling loop 'LineBufferDataIn' (firmware/nnet_utils/nnet_conv_stream.h:241) in function 'nnet::pooling2d_cl<nnet::array<ap_fixed<32, 16, (ap_q_mode)5, (ap_o_mode)3, 0>, 16u>, nnet::array<ap_fixed<32, 16, (ap_q_mode)5, (ap_o_mode)3, 0>, 16u>, config4>' completely with a factor of 16.
INFO: [HLS 200-489] Unrolling loop 'KernelShiftWidth' (firmware/nnet_utils/nnet_conv_stream.h:194) in function 'nnet::pooling2d_cl<nnet::array<ap_fixed<32, 16, (ap_q_mode)5, (ap_o_mode)3, 0>, 16u>, nnet::array<ap_fixed<32, 16, (ap_q_mode)5, (ap_o_mode)3, 0>, 16u>, config4>' completely with a factor of 1.
INFO: [HLS 200-489] Unrolling loop 'KernelShiftHeight' (firmware/nnet_utils/nnet_conv_stream.h:197) in function 'nnet::pooling2d_cl<nnet::array<ap_fixed<32, 16, (ap_q_mode)5, (ap_o_mode)3, 0>, 16u>, nnet::array<ap_fixed<32, 16, (ap_q_mode)5, (ap_o_mode)3, 0>, 16u>, config4>' completely with a factor of 2.
INFO: [HLS 200-489] Unrolling loop 'KernelShiftChannel' (firmware/nnet_utils/nnet_conv_stream.h:199) in function 'nnet::pooling2d_cl<nnet::array<ap_fixed<32, 16, (ap_q_mode)5, (ap_o_mode)3, 0>, 16u>, nnet::array<ap_fixed<32, 16, (ap_q_mode)5, (ap_o_mode)3, 0>, 16u>, config4>' completely with a factor of 16.
INFO: [HLS 200-489] Unrolling loop 'KernelPushHeight' (firmware/nnet_utils/nnet_conv_stream.h:210) in function 'nnet::pooling2d_cl<nnet::array<ap_fixed<32, 16, (ap_q_mode)5, (ap_o_mode)3, 0>, 16u>, nnet::array<ap_fixed<32, 16, (ap_q_mode)5, (ap_o_mode)3, 0>, 16u>, config4>' completely with a factor of 2.
INFO: [HLS 200-489] Unrolling loop 'KernelPushChannel' (firmware/nnet_utils/nnet_conv_stream.h:213) in function 'nnet::pooling2d_cl<nnet::array<ap_fixed<32, 16, (ap_q_mode)5, (ap_o_mode)3, 0>, 16u>, nnet::array<ap_fixed<32, 16, (ap_q_mode)5, (ap_o_mode)3, 0>, 16u>, config4>' completely with a factor of 16.
INFO: [HLS 200-489] Unrolling loop 'FiltLoop' (firmware/nnet_utils/nnet_pooling_stream.h:193) in function 'nnet::pooling2d_cl<nnet::array<ap_fixed<32, 16, (ap_q_mode)5, (ap_o_mode)3, 0>, 16u>, nnet::array<ap_fixed<32, 16, (ap_q_mode)5, (ap_o_mode)3, 0>, 16u>, config4>' completely with a factor of 16.
INFO: [HLS 200-489] Unrolling loop 'PoolLoop' (firmware/nnet_utils/nnet_pooling_stream.h:198) in function 'nnet::pooling2d_cl<nnet::array<ap_fixed<32, 16, (ap_q_mode)5, (ap_o_mode)3, 0>, 16u>, nnet::array<ap_fixed<32, 16, (ap_q_mode)5, (ap_o_mode)3, 0>, 16u>, config4>' completely with a factor of 4.
INFO: [HLS 200-489] Unrolling loop 'DataPack' (firmware/nnet_utils/nnet_dense_stream.h:42) in function 'nnet::dense<nnet::array<ap_fixed<32, 16, (ap_q_mode)5, (ap_o_mode)3, 0>, 32u>, nnet::array<ap_fixed<32, 16, (ap_q_mode)5, (ap_o_mode)3, 0>, 128u>, config9>' completely with a factor of 32.
INFO: [HLS 200-489] Unrolling loop 'ResPack' (firmware/nnet_utils/nnet_dense_stream.h:58) in function 'nnet::dense<nnet::array<ap_fixed<32, 16, (ap_q_mode)5, (ap_o_mode)3, 0>, 32u>, nnet::array<ap_fixed<32, 16, (ap_q_mode)5, (ap_o_mode)3, 0>, 128u>, config9>' completely with a factor of 128.
INFO: [HLS 200-489] Unrolling loop 'DataPack' (firmware/nnet_utils/nnet_dense_stream.h:42) in function 'nnet::dense<nnet::array<ap_fixed<32, 16, (ap_q_mode)5, (ap_o_mode)3, 0>, 128u>, nnet::array<ap_fixed<32, 16, (ap_q_mode)5, (ap_o_mode)3, 0>, 10u>, config11>' completely with a factor of 128.
INFO: [HLS 200-489] Unrolling loop 'ResPack' (firmware/nnet_utils/nnet_dense_stream.h:58) in function 'nnet::dense<nnet::array<ap_fixed<32, 16, (ap_q_mode)5, (ap_o_mode)3, 0>, 128u>, nnet::array<ap_fixed<32, 16, (ap_q_mode)5, (ap_o_mode)3, 0>, 10u>, config11>' completely with a factor of 10.
INFO: [HLS 200-489] Unrolling loop 'Loop-1.1' (firmware/myproject_axi.cpp:20) in function 'myproject_axi' completely with a factor of 1.
INFO: [HLS 200-489] Unrolling loop 'Loop-1' (firmware/nnet_utils/nnet_activation.h:151) in function 'nnet::init_exp_table<ap_fixed<32, 16, (ap_q_mode)5, (ap_o_mode)3, 0>, softmax_config12>' completely with a factor of 1024.
INFO: [HLS 200-489] Unrolling loop 'Product1' (firmware/nnet_utils/nnet_dense_latency.h:37) in function 'nnet::dense_wrapper<ap_fixed<32, 16, (ap_q_mode)5, (ap_o_mode)3, 0>, ap_fixed<32, 16, (ap_q_mode)5, (ap_o_mode)3, 0>, config11>' completely with a factor of 128.
INFO: [HLS 200-489] Unrolling loop 'Product2' (firmware/nnet_utils/nnet_dense_latency.h:40) in function 'nnet::dense_wrapper<ap_fixed<32, 16, (ap_q_mode)5, (ap_o_mode)3, 0>, ap_fixed<32, 16, (ap_q_mode)5, (ap_o_mode)3, 0>, config11>' completely with a factor of 10.
INFO: [HLS 200-489] Unrolling loop 'ResetAccum' (firmware/nnet_utils/nnet_dense_latency.h:48) in function 'nnet::dense_wrapper<ap_fixed<32, 16, (ap_q_mode)5, (ap_o_mode)3, 0>, ap_fixed<32, 16, (ap_q_mode)5, (ap_o_mode)3, 0>, config11>' completely with a factor of 10.
INFO: [HLS 200-489] Unrolling loop 'Accum1' (firmware/nnet_utils/nnet_dense_latency.h:54) in function 'nnet::dense_wrapper<ap_fixed<32, 16, (ap_q_mode)5, (ap_o_mode)3, 0>, ap_fixed<32, 16, (ap_q_mode)5, (ap_o_mode)3, 0>, config11>' completely with a factor of 128.
INFO: [HLS 200-489] Unrolling loop 'Accum2' (firmware/nnet_utils/nnet_dense_latency.h:56) in function 'nnet::dense_wrapper<ap_fixed<32, 16, (ap_q_mode)5, (ap_o_mode)3, 0>, ap_fixed<32, 16, (ap_q_mode)5, (ap_o_mode)3, 0>, config11>' completely with a factor of 10.
INFO: [HLS 200-489] Unrolling loop 'Result' (firmware/nnet_utils/nnet_dense_latency.h:64) in function 'nnet::dense_wrapper<ap_fixed<32, 16, (ap_q_mode)5, (ap_o_mode)3, 0>, ap_fixed<32, 16, (ap_q_mode)5, (ap_o_mode)3, 0>, config11>' completely with a factor of 10.
INFO: [HLS 200-489] Unrolling loop 'Product1' (firmware/nnet_utils/nnet_dense_latency.h:37) in function 'nnet::dense_wrapper<ap_fixed<32, 16, (ap_q_mode)5, (ap_o_mode)3, 0>, ap_fixed<32, 16, (ap_q_mode)5, (ap_o_mode)3, 0>, config9>' completely with a factor of 1568.
ERROR: [XFORM 203-504] Stop unrolling loop 'Product1' (firmware/nnet_utils/nnet_dense_latency.h:37) in function 'nnet::dense_wrapper<ap_fixed<32, 16, (ap_q_mode)5, (ap_o_mode)3, 0>, ap_fixed<32, 16, (ap_q_mode)5, (ap_o_mode)3, 0>, config9>' because it may cause large runtime and excessive memory usage due to increase in code size. Please avoid unrolling the loop or form sub-functions for code in the loop body.
ERROR: [HLS 200-70] Pre-synthesis failed.
command 'ap_source' returned error code
    while executing
"source build_prj.tcl"
    ("uplevel" body line 1)
    invoked from within
"uplevel \#0 [list source $arg] "

INFO: [Common 17-206] Exiting vivado_hls at Tue Jul 18 19:17:10 2023...
